2018-12-14 09:50:20.426 [main] INFO  o.s.c.a.AnnotationConfigApplicationContext -
                Refreshing org.springframework.context.annotation.AnnotationConfigApplicationContext@3eb25e1a: startup date [Fri Dec 14 09:50:20 CST 2018]; root of context hierarchy
2018-12-14 09:50:20.660 [background-preinit] INFO  org.hibernate.validator.internal.util.Version -
                HV000001: Hibernate Validator 5.3.5.Final
2018-12-14 09:50:20.713 [main] INFO  o.s.b.f.a.AutowiredAnnotationBeanPostProcessor -
                JSR-330 'javax.inject.Inject' annotation found and supported for autowiring
2018-12-14 09:50:20.759 [main] INFO  o.s.c.s.PostProcessorRegistrationDelegate$BeanPostProcessorChecker -
                Bean 'configurationPropertiesRebinderAutoConfiguration' of type [org.springframework.cloud.autoconfigure.ConfigurationPropertiesRebinderAutoConfiguration$$EnhancerBySpringCGLIB$$233eb882] is not eligible for getting processed by all BeanPostProcessors (for example: not eligible for auto-proxying)
2018-12-14 09:50:21.196 [main] INFO  com.zhushan.MemberServer -
                No active profile set, falling back to default profiles: default
2018-12-14 09:50:21.212 [main] INFO  o.s.b.c.e.AnnotationConfigEmbeddedWebApplicationContext -
                Refreshing org.springframework.boot.context.embedded.AnnotationConfigEmbeddedWebApplicationContext@3543df7d: startup date [Fri Dec 14 09:50:21 CST 2018]; parent: org.springframework.context.annotation.AnnotationConfigApplicationContext@3eb25e1a
2018-12-14 09:50:22.007 [main] INFO  o.s.d.r.config.RepositoryConfigurationDelegate -
                Multiple Spring Data modules found, entering strict repository configuration mode!
2018-12-14 09:50:22.286 [main] INFO  o.springframework.cloud.context.scope.GenericScope -
                BeanFactory id=a32fd0f1-b0f9-3ea0-b8c2-abf93232f86a
2018-12-14 09:50:22.302 [main] INFO  o.s.b.f.a.AutowiredAnnotationBeanPostProcessor -
                JSR-330 'javax.inject.Inject' annotation found and supported for autowiring
2018-12-14 09:50:22.473 [main] INFO  o.s.c.s.PostProcessorRegistrationDelegate$BeanPostProcessorChecker -
                Bean 'org.springframework.cloud.netflix.metrics.MetricsInterceptorConfiguration$MetricsRestTemplateConfiguration' of type [org.springframework.cloud.netflix.metrics.MetricsInterceptorConfiguration$MetricsRestTemplateConfiguration$$EnhancerBySpringCGLIB$$39515bc6] is not eligible for getting processed by all BeanPostProcessors (for example: not eligible for auto-proxying)
2018-12-14 09:50:22.582 [main] INFO  o.s.c.s.PostProcessorRegistrationDelegate$BeanPostProcessorChecker -
                Bean 'org.springframework.cloud.autoconfigure.ConfigurationPropertiesRebinderAutoConfiguration' of type [org.springframework.cloud.autoconfigure.ConfigurationPropertiesRebinderAutoConfiguration$$EnhancerBySpringCGLIB$$233eb882] is not eligible for getting processed by all BeanPostProcessors (for example: not eligible for auto-proxying)
2018-12-14 09:50:22.972 [main] INFO  o.s.b.c.e.tomcat.TomcatEmbeddedServletContainer -
                Tomcat initialized with port(s): 8762 (http)
2018-12-14 09:50:23.004 [main] INFO  org.apache.catalina.core.StandardService -
                Starting service [Tomcat]
2018-12-14 09:50:23.004 [main] INFO  org.apache.catalina.core.StandardEngine -
                Starting Servlet Engine: Apache Tomcat/8.5.16
2018-12-14 09:50:23.222 [localhost-startStop-1] INFO  o.a.c.core.ContainerBase.[Tomcat].[localhost].[/] -
                Initializing Spring embedded WebApplicationContext
2018-12-14 09:50:23.222 [localhost-startStop-1] INFO  org.springframework.web.context.ContextLoader -
                Root WebApplicationContext: initialization completed in 2010 ms
2018-12-14 09:50:23.500 [localhost-startStop-1] INFO  o.s.boot.web.servlet.ServletRegistrationBean -
                Mapping servlet: 'dispatcherServlet' to [/]
2018-12-14 09:50:23.500 [localhost-startStop-1] INFO  o.s.boot.web.servlet.FilterRegistrationBean -
                Mapping filter: 'metricsFilter' to: [/*]
2018-12-14 09:50:23.500 [localhost-startStop-1] INFO  o.s.boot.web.servlet.FilterRegistrationBean -
                Mapping filter: 'characterEncodingFilter' to: [/*]
2018-12-14 09:50:23.500 [localhost-startStop-1] INFO  o.s.boot.web.servlet.FilterRegistrationBean -
                Mapping filter: 'hiddenHttpMethodFilter' to: [/*]
2018-12-14 09:50:23.500 [localhost-startStop-1] INFO  o.s.boot.web.servlet.FilterRegistrationBean -
                Mapping filter: 'httpPutFormContentFilter' to: [/*]
2018-12-14 09:50:23.500 [localhost-startStop-1] INFO  o.s.boot.web.servlet.FilterRegistrationBean -
                Mapping filter: 'requestContextFilter' to: [/*]
2018-12-14 09:50:23.500 [localhost-startStop-1] INFO  o.s.boot.web.servlet.FilterRegistrationBean -
                Mapping filter: 'webRequestLoggingFilter' to: [/*]
2018-12-14 09:50:23.500 [localhost-startStop-1] INFO  o.s.boot.web.servlet.FilterRegistrationBean -
                Mapping filter: 'applicationContextIdFilter' to: [/*]
2018-12-14 09:50:23.953 [main] WARN  com.netflix.config.sources.URLConfigurationSource -
                No URLs will be polled as dynamic configuration sources.
2018-12-14 09:50:23.953 [main] INFO  com.netflix.config.sources.URLConfigurationSource -
                To enable URLs as dynamic configuration sources, define System property archaius.configurationSource.additionalUrls or make config.properties available on classpath.
2018-12-14 09:50:23.968 [main] WARN  com.netflix.config.sources.URLConfigurationSource -
                No URLs will be polled as dynamic configuration sources.
2018-12-14 09:50:23.968 [main] INFO  com.netflix.config.sources.URLConfigurationSource -
                To enable URLs as dynamic configuration sources, define System property archaius.configurationSource.additionalUrls or make config.properties available on classpath.
2018-12-14 09:50:24.327 [main] INFO  o.s.w.s.m.m.a.RequestMappingHandlerAdapter -
                Looking for @ControllerAdvice: org.springframework.boot.context.embedded.AnnotationConfigEmbeddedWebApplicationContext@3543df7d: startup date [Fri Dec 14 09:50:21 CST 2018]; parent: org.springframework.context.annotation.AnnotationConfigApplicationContext@3eb25e1a
2018-12-14 09:50:24.437 [main] INFO  o.s.w.s.m.m.a.RequestMappingHandlerMapping -
                Mapped "{[/member/test]}" onto public java.util.Map<java.lang.String, java.lang.Object> com.zhushan.api.service.impl.TestApiServiceImpl.test(java.lang.Integer,java.lang.String)
2018-12-14 09:50:24.437 [main] INFO  o.s.w.s.m.m.a.RequestMappingHandlerMapping -
                Mapped "{[/member/testResponseBase]}" onto public com.zhushan.base.ResponseBase com.zhushan.api.service.impl.TestApiServiceImpl.testResponseBase()
2018-12-14 09:50:24.437 [main] INFO  o.s.w.s.m.m.a.RequestMappingHandlerMapping -
                Mapped "{[/error]}" onto public org.springframework.http.ResponseEntity<java.util.Map<java.lang.String, java.lang.Object>> org.springframework.boot.autoconfigure.web.BasicErrorController.error(javax.servlet.http.HttpServletRequest)
2018-12-14 09:50:24.437 [main] INFO  o.s.w.s.m.m.a.RequestMappingHandlerMapping -
                Mapped "{[/error],produces=[text/html]}" onto public org.springframework.web.servlet.ModelAndView org.springframework.boot.autoconfigure.web.BasicErrorController.errorHtml(javax.servlet.http.HttpServletRequest,javax.servlet.http.HttpServletResponse)
2018-12-14 09:50:24.484 [main] INFO  o.s.web.servlet.handler.SimpleUrlHandlerMapping -
                Mapped URL path [/webjars/**] onto handler of type [class org.springframework.web.servlet.resource.ResourceHttpRequestHandler]
2018-12-14 09:50:24.484 [main] INFO  o.s.web.servlet.handler.SimpleUrlHandlerMapping -
                Mapped URL path [/**] onto handler of type [class org.springframework.web.servlet.resource.ResourceHttpRequestHandler]
2018-12-14 09:50:24.531 [main] INFO  o.s.web.servlet.handler.SimpleUrlHandlerMapping -
                Mapped URL path [/**/favicon.ico] onto handler of type [class org.springframework.web.servlet.resource.ResourceHttpRequestHandler]
2018-12-14 09:50:25.342 [main] INFO  o.s.b.actuate.endpoint.mvc.EndpointHandlerMapping -
                Mapped "{[/health || /health.json],methods=[GET],produces=[application/vnd.spring-boot.actuator.v1+json || application/json]}" onto public java.lang.Object org.springframework.boot.actuate.endpoint.mvc.HealthMvcEndpoint.invoke(javax.servlet.http.HttpServletRequest,java.security.Principal)
2018-12-14 09:50:25.358 [main] INFO  o.s.b.actuate.endpoint.mvc.EndpointHandlerMapping -
                Mapped "{[/info || /info.json],methods=[GET],produces=[application/vnd.spring-boot.actuator.v1+json || application/json]}" onto public java.lang.Object org.springframework.boot.actuate.endpoint.mvc.EndpointMvcAdapter.invoke()
2018-12-14 09:50:25.358 [main] INFO  o.s.b.actuate.endpoint.mvc.EndpointHandlerMapping -
                Mapped "{[/auditevents || /auditevents.json],methods=[GET],produces=[application/vnd.spring-boot.actuator.v1+json || application/json]}" onto public org.springframework.http.ResponseEntity<?> org.springframework.boot.actuate.endpoint.mvc.AuditEventsMvcEndpoint.findByPrincipalAndAfterAndType(java.lang.String,java.util.Date,java.lang.String)
2018-12-14 09:50:25.358 [main] INFO  o.s.b.actuate.endpoint.mvc.EndpointHandlerMapping -
                Mapped "{[/configprops || /configprops.json],methods=[GET],produces=[application/vnd.spring-boot.actuator.v1+json || application/json]}" onto public java.lang.Object org.springframework.boot.actuate.endpoint.mvc.EndpointMvcAdapter.invoke()
2018-12-14 09:50:25.358 [main] INFO  o.s.b.actuate.endpoint.mvc.EndpointHandlerMapping -
                Mapped "{[/restart || /restart.json],methods=[POST]}" onto public java.lang.Object org.springframework.cloud.context.restart.RestartMvcEndpoint.invoke()
2018-12-14 09:50:25.358 [main] INFO  o.s.b.actuate.endpoint.mvc.EndpointHandlerMapping -
                Mapped "{[/pause || /pause.json],methods=[POST]}" onto public java.lang.Object org.springframework.cloud.endpoint.GenericPostableMvcEndpoint.invoke()
2018-12-14 09:50:25.358 [main] INFO  o.s.b.actuate.endpoint.mvc.EndpointHandlerMapping -
                Mapped "{[/trace || /trace.json],methods=[GET],produces=[application/vnd.spring-boot.actuator.v1+json || application/json]}" onto public java.lang.Object org.springframework.boot.actuate.endpoint.mvc.EndpointMvcAdapter.invoke()
2018-12-14 09:50:25.358 [main] INFO  o.s.b.actuate.endpoint.mvc.EndpointHandlerMapping -
                Mapped "{[/archaius || /archaius.json],methods=[GET],produces=[application/vnd.spring-boot.actuator.v1+json || application/json]}" onto public java.lang.Object org.springframework.boot.actuate.endpoint.mvc.EndpointMvcAdapter.invoke()
2018-12-14 09:50:25.358 [main] INFO  o.s.b.actuate.endpoint.mvc.EndpointHandlerMapping -
                Mapped "{[/dump || /dump.json],methods=[GET],produces=[application/vnd.spring-boot.actuator.v1+json || application/json]}" onto public java.lang.Object org.springframework.boot.actuate.endpoint.mvc.EndpointMvcAdapter.invoke()
2018-12-14 09:50:25.358 [main] INFO  o.s.b.actuate.endpoint.mvc.EndpointHandlerMapping -
                Mapped "{[/features || /features.json],methods=[GET],produces=[application/vnd.spring-boot.actuator.v1+json || application/json]}" onto public java.lang.Object org.springframework.boot.actuate.endpoint.mvc.EndpointMvcAdapter.invoke()
2018-12-14 09:50:25.358 [main] INFO  o.s.b.actuate.endpoint.mvc.EndpointHandlerMapping -
                Mapped "{[/loggers/{name:.*}],methods=[GET],produces=[application/vnd.spring-boot.actuator.v1+json || application/json]}" onto public java.lang.Object org.springframework.boot.actuate.endpoint.mvc.LoggersMvcEndpoint.get(java.lang.String)
2018-12-14 09:50:25.358 [main] INFO  o.s.b.actuate.endpoint.mvc.EndpointHandlerMapping -
                Mapped "{[/loggers/{name:.*}],methods=[POST],consumes=[application/vnd.spring-boot.actuator.v1+json || application/json],produces=[application/vnd.spring-boot.actuator.v1+json || application/json]}" onto public java.lang.Object org.springframework.boot.actuate.endpoint.mvc.LoggersMvcEndpoint.set(java.lang.String,java.util.Map<java.lang.String, java.lang.String>)
2018-12-14 09:50:25.358 [main] INFO  o.s.b.actuate.endpoint.mvc.EndpointHandlerMapping -
                Mapped "{[/loggers || /loggers.json],methods=[GET],produces=[application/vnd.spring-boot.actuator.v1+json || application/json]}" onto public java.lang.Object org.springframework.boot.actuate.endpoint.mvc.EndpointMvcAdapter.invoke()
2018-12-14 09:50:25.358 [main] INFO  o.s.b.actuate.endpoint.mvc.EndpointHandlerMapping -
                Mapped "{[/resume || /resume.json],methods=[POST]}" onto public java.lang.Object org.springframework.cloud.endpoint.GenericPostableMvcEndpoint.invoke()
2018-12-14 09:50:25.358 [main] INFO  o.s.b.actuate.endpoint.mvc.EndpointHandlerMapping -
                Mapped "{[/autoconfig || /autoconfig.json],methods=[GET],produces=[application/vnd.spring-boot.actuator.v1+json || application/json]}" onto public java.lang.Object org.springframework.boot.actuate.endpoint.mvc.EndpointMvcAdapter.invoke()
2018-12-14 09:50:25.358 [main] INFO  o.s.b.actuate.endpoint.mvc.EndpointHandlerMapping -
                Mapped "{[/beans || /beans.json],methods=[GET],produces=[application/vnd.spring-boot.actuator.v1+json || application/json]}" onto public java.lang.Object org.springframework.boot.actuate.endpoint.mvc.EndpointMvcAdapter.invoke()
2018-12-14 09:50:25.374 [main] INFO  o.s.b.actuate.endpoint.mvc.EndpointHandlerMapping -
                Mapped "{[/heapdump || /heapdump.json],methods=[GET],produces=[application/octet-stream]}" onto public void org.springframework.boot.actuate.endpoint.mvc.HeapdumpMvcEndpoint.invoke(boolean,javax.servlet.http.HttpServletRequest,javax.servlet.http.HttpServletResponse) throws java.io.IOException,javax.servlet.ServletException
2018-12-14 09:50:25.374 [main] INFO  o.s.b.actuate.endpoint.mvc.EndpointHandlerMapping -
                Mapped "{[/metrics/{name:.*}],methods=[GET],produces=[application/vnd.spring-boot.actuator.v1+json || application/json]}" onto public java.lang.Object org.springframework.boot.actuate.endpoint.mvc.MetricsMvcEndpoint.value(java.lang.String)
2018-12-14 09:50:25.374 [main] INFO  o.s.b.actuate.endpoint.mvc.EndpointHandlerMapping -
                Mapped "{[/metrics || /metrics.json],methods=[GET],produces=[application/vnd.spring-boot.actuator.v1+json || application/json]}" onto public java.lang.Object org.springframework.boot.actuate.endpoint.mvc.EndpointMvcAdapter.invoke()
2018-12-14 09:50:25.374 [main] INFO  o.s.b.actuate.endpoint.mvc.EndpointHandlerMapping -
                Mapped "{[/service-registry/instance-status],methods=[GET]}" onto public org.springframework.http.ResponseEntity org.springframework.cloud.client.serviceregistry.endpoint.ServiceRegistryEndpoint.getStatus()
2018-12-14 09:50:25.374 [main] INFO  o.s.b.actuate.endpoint.mvc.EndpointHandlerMapping -
                Mapped "{[/service-registry/instance-status],methods=[POST]}" onto public org.springframework.http.ResponseEntity<?> org.springframework.cloud.client.serviceregistry.endpoint.ServiceRegistryEndpoint.setStatus(java.lang.String)
2018-12-14 09:50:25.374 [main] INFO  o.s.b.actuate.endpoint.mvc.EndpointHandlerMapping -
                Mapped "{[/mappings || /mappings.json],methods=[GET],produces=[application/vnd.spring-boot.actuator.v1+json || application/json]}" onto public java.lang.Object org.springframework.boot.actuate.endpoint.mvc.EndpointMvcAdapter.invoke()
2018-12-14 09:50:25.374 [main] INFO  o.s.b.actuate.endpoint.mvc.EndpointHandlerMapping -
                Mapped "{[/env],methods=[POST]}" onto public java.lang.Object org.springframework.cloud.context.environment.EnvironmentManagerMvcEndpoint.value(java.util.Map<java.lang.String, java.lang.String>)
2018-12-14 09:50:25.374 [main] INFO  o.s.b.actuate.endpoint.mvc.EndpointHandlerMapping -
                Mapped "{[/env/reset],methods=[POST]}" onto public java.util.Map<java.lang.String, java.lang.Object> org.springframework.cloud.context.environment.EnvironmentManagerMvcEndpoint.reset()
2018-12-14 09:50:25.374 [main] INFO  o.s.b.actuate.endpoint.mvc.EndpointHandlerMapping -
                Mapped "{[/env/{name:.*}],methods=[GET],produces=[application/vnd.spring-boot.actuator.v1+json || application/json]}" onto public java.lang.Object org.springframework.boot.actuate.endpoint.mvc.EnvironmentMvcEndpoint.value(java.lang.String)
2018-12-14 09:50:25.374 [main] INFO  o.s.b.actuate.endpoint.mvc.EndpointHandlerMapping -
                Mapped "{[/env || /env.json],methods=[GET],produces=[application/vnd.spring-boot.actuator.v1+json || application/json]}" onto public java.lang.Object org.springframework.boot.actuate.endpoint.mvc.EndpointMvcAdapter.invoke()
2018-12-14 09:50:25.374 [main] INFO  o.s.b.actuate.endpoint.mvc.EndpointHandlerMapping -
                Mapped "{[/refresh || /refresh.json],methods=[POST]}" onto public java.lang.Object org.springframework.cloud.endpoint.GenericPostableMvcEndpoint.invoke()
2018-12-14 09:50:25.578 [main] INFO  o.s.ui.freemarker.SpringTemplateLoader -
                SpringTemplateLoader for FreeMarker: using resource loader [org.springframework.boot.context.embedded.AnnotationConfigEmbeddedWebApplicationContext@3543df7d: startup date [Fri Dec 14 09:50:21 CST 2018]; parent: org.springframework.context.annotation.AnnotationConfigApplicationContext@3eb25e1a] and template loader path [classpath:/templates/]
2018-12-14 09:50:25.578 [main] INFO  o.s.w.servlet.view.freemarker.FreeMarkerConfigurer -
                ClassTemplateLoader for Spring macros added to FreeMarker configuration
2018-12-14 09:50:25.812 [main] INFO  o.s.jmx.export.annotation.AnnotationMBeanExporter -
                Registering beans for JMX exposure on startup
2018-12-14 09:50:25.828 [main] INFO  o.s.jmx.export.annotation.AnnotationMBeanExporter -
                Bean with name 'environmentManager' has been autodetected for JMX exposure
2018-12-14 09:50:25.828 [main] INFO  o.s.jmx.export.annotation.AnnotationMBeanExporter -
                Bean with name 'configurationPropertiesRebinder' has been autodetected for JMX exposure
2018-12-14 09:50:25.828 [main] INFO  o.s.jmx.export.annotation.AnnotationMBeanExporter -
                Bean with name 'refreshEndpoint' has been autodetected for JMX exposure
2018-12-14 09:50:25.828 [main] INFO  o.s.jmx.export.annotation.AnnotationMBeanExporter -
                Bean with name 'restartEndpoint' has been autodetected for JMX exposure
2018-12-14 09:50:25.828 [main] INFO  o.s.jmx.export.annotation.AnnotationMBeanExporter -
                Bean with name 'serviceRegistryEndpoint' has been autodetected for JMX exposure
2018-12-14 09:50:25.828 [main] INFO  o.s.jmx.export.annotation.AnnotationMBeanExporter -
                Bean with name 'refreshScope' has been autodetected for JMX exposure
2018-12-14 09:50:25.828 [main] INFO  o.s.jmx.export.annotation.AnnotationMBeanExporter -
                Located managed bean 'environmentManager': registering with JMX server as MBean [org.springframework.cloud.context.environment:name=environmentManager,type=EnvironmentManager]
2018-12-14 09:50:25.843 [main] INFO  o.s.jmx.export.annotation.AnnotationMBeanExporter -
                Located managed bean 'restartEndpoint': registering with JMX server as MBean [org.springframework.cloud.context.restart:name=restartEndpoint,type=RestartEndpoint]
2018-12-14 09:50:25.874 [main] INFO  o.s.jmx.export.annotation.AnnotationMBeanExporter -
                Located managed bean 'serviceRegistryEndpoint': registering with JMX server as MBean [org.springframework.cloud.client.serviceregistry.endpoint:name=serviceRegistryEndpoint,type=ServiceRegistryEndpoint]
2018-12-14 09:50:25.890 [main] INFO  o.s.jmx.export.annotation.AnnotationMBeanExporter -
                Located managed bean 'refreshScope': registering with JMX server as MBean [org.springframework.cloud.context.scope.refresh:name=refreshScope,type=RefreshScope]
2018-12-14 09:50:25.906 [main] INFO  o.s.jmx.export.annotation.AnnotationMBeanExporter -
                Located managed bean 'configurationPropertiesRebinder': registering with JMX server as MBean [org.springframework.cloud.context.properties:name=configurationPropertiesRebinder,context=3543df7d,type=ConfigurationPropertiesRebinder]
2018-12-14 09:50:25.906 [main] INFO  o.s.jmx.export.annotation.AnnotationMBeanExporter -
                Located managed bean 'refreshEndpoint': registering with JMX server as MBean [org.springframework.cloud.endpoint:name=refreshEndpoint,type=RefreshEndpoint]
2018-12-14 09:50:25.921 [main] INFO  o.s.b.actuate.endpoint.jmx.EndpointMBeanExporter -
                Registering beans for JMX exposure on startup
2018-12-14 09:50:26.030 [main] INFO  o.s.context.support.DefaultLifecycleProcessor -
                Starting beans in phase 0
2018-12-14 09:50:26.030 [main] INFO  o.s.cloud.netflix.eureka.InstanceInfoFactory -
                Setting initial instance status as: STARTING
2018-12-14 09:50:26.077 [main] INFO  com.netflix.discovery.DiscoveryClient -
                Initializing Eureka in region us-east-1
2018-12-14 09:50:26.342 [main] INFO  c.n.discovery.provider.DiscoveryJerseyProvider -
                Using JSON encoding codec LegacyJacksonJson
2018-12-14 09:50:26.342 [main] INFO  c.n.discovery.provider.DiscoveryJerseyProvider -
                Using JSON decoding codec LegacyJacksonJson
2018-12-14 09:50:26.456 [main] INFO  c.n.discovery.provider.DiscoveryJerseyProvider -
                Using XML encoding codec XStreamXml
2018-12-14 09:50:26.456 [main] INFO  c.n.discovery.provider.DiscoveryJerseyProvider -
                Using XML decoding codec XStreamXml
2018-12-14 09:50:26.649 [main] INFO  c.n.d.shared.resolver.aws.ConfigClusterResolver -
                Resolving eureka endpoints via configuration
2018-12-14 09:50:26.742 [main] INFO  com.netflix.discovery.DiscoveryClient -
                Disable delta property : false
2018-12-14 09:50:26.742 [main] INFO  com.netflix.discovery.DiscoveryClient -
                Single vip registry refresh property : null
2018-12-14 09:50:26.742 [main] INFO  com.netflix.discovery.DiscoveryClient -
                Force full registry fetch : false
2018-12-14 09:50:26.742 [main] INFO  com.netflix.discovery.DiscoveryClient -
                Application is null : false
2018-12-14 09:50:26.742 [main] INFO  com.netflix.discovery.DiscoveryClient -
                Registered Applications size is zero : true
2018-12-14 09:50:26.742 [main] INFO  com.netflix.discovery.DiscoveryClient -
                Application version is -1: true
2018-12-14 09:50:26.742 [main] INFO  com.netflix.discovery.DiscoveryClient -
                Getting all instance registry info from the eureka server
2018-12-14 09:50:26.976 [main] INFO  com.netflix.discovery.DiscoveryClient -
                The response status is 200
2018-12-14 09:50:26.976 [main] INFO  com.netflix.discovery.DiscoveryClient -
                Starting heartbeat executor: renew interval is: 30
2018-12-14 09:50:26.976 [main] INFO  com.netflix.discovery.InstanceInfoReplicator -
                InstanceInfoReplicator onDemand update allowed rate per min is 4
2018-12-14 09:50:26.993 [main] INFO  com.netflix.discovery.DiscoveryClient -
                Discovery Client initialized at timestamp 1544752226992 with initial instances count: 0
2018-12-14 09:50:27.014 [main] INFO  o.s.c.n.e.serviceregistry.EurekaServiceRegistry -
                Registering application member with eureka with status UP
2018-12-14 09:50:27.030 [main] INFO  com.netflix.discovery.DiscoveryClient -
                Saw local status change event StatusChangeEvent [timestamp=1544752227030, current=UP, previous=STARTING]
2018-12-14 09:50:27.030 [main] INFO  o.s.b.actuate.endpoint.jmx.EndpointMBeanExporter -
                Located managed bean 'auditEventsEndpoint': registering with JMX server as MBean [org.springframework.boot:type=Endpoint,name=auditEventsEndpoint]
2018-12-14 09:50:27.030 [main] INFO  o.s.b.actuate.endpoint.jmx.EndpointMBeanExporter -
                Located managed bean 'archaiusEndpoint': registering with JMX server as MBean [org.springframework.boot:type=Endpoint,name=archaiusEndpoint]
2018-12-14 09:50:27.046 [DiscoveryClient-InstanceInfoReplicator-0] INFO  com.netflix.discovery.DiscoveryClient -
                DiscoveryClient_MEMBER/PC-20180625AUVR:member:8762: registering service...
2018-12-14 09:50:27.046 [main] INFO  o.s.b.actuate.endpoint.jmx.EndpointMBeanExporter -
                Located managed bean 'featuresEndpoint': registering with JMX server as MBean [org.springframework.boot:type=Endpoint,name=featuresEndpoint]
2018-12-14 09:50:27.046 [main] INFO  o.s.b.actuate.endpoint.jmx.EndpointMBeanExporter -
                Located managed bean 'requestMappingEndpoint': registering with JMX server as MBean [org.springframework.boot:type=Endpoint,name=requestMappingEndpoint]
2018-12-14 09:50:27.046 [main] INFO  o.s.b.actuate.endpoint.jmx.EndpointMBeanExporter -
                Located managed bean 'environmentEndpoint': registering with JMX server as MBean [org.springframework.boot:type=Endpoint,name=environmentEndpoint]
2018-12-14 09:50:27.061 [main] INFO  o.s.b.actuate.endpoint.jmx.EndpointMBeanExporter -
                Located managed bean 'healthEndpoint': registering with JMX server as MBean [org.springframework.boot:type=Endpoint,name=healthEndpoint]
2018-12-14 09:50:27.061 [main] INFO  o.s.b.actuate.endpoint.jmx.EndpointMBeanExporter -
                Located managed bean 'beansEndpoint': registering with JMX server as MBean [org.springframework.boot:type=Endpoint,name=beansEndpoint]
2018-12-14 09:50:27.077 [main] INFO  o.s.b.actuate.endpoint.jmx.EndpointMBeanExporter -
                Located managed bean 'infoEndpoint': registering with JMX server as MBean [org.springframework.boot:type=Endpoint,name=infoEndpoint]
2018-12-14 09:50:27.077 [main] INFO  o.s.b.actuate.endpoint.jmx.EndpointMBeanExporter -
                Located managed bean 'loggersEndpoint': registering with JMX server as MBean [org.springframework.boot:type=Endpoint,name=loggersEndpoint]
2018-12-14 09:50:27.077 [main] INFO  o.s.b.actuate.endpoint.jmx.EndpointMBeanExporter -
                Located managed bean 'metricsEndpoint': registering with JMX server as MBean [org.springframework.boot:type=Endpoint,name=metricsEndpoint]
2018-12-14 09:50:27.092 [main] INFO  o.s.b.actuate.endpoint.jmx.EndpointMBeanExporter -
                Located managed bean 'traceEndpoint': registering with JMX server as MBean [org.springframework.boot:type=Endpoint,name=traceEndpoint]
2018-12-14 09:50:27.092 [main] INFO  o.s.b.actuate.endpoint.jmx.EndpointMBeanExporter -
                Located managed bean 'dumpEndpoint': registering with JMX server as MBean [org.springframework.boot:type=Endpoint,name=dumpEndpoint]
2018-12-14 09:50:27.092 [main] INFO  o.s.b.actuate.endpoint.jmx.EndpointMBeanExporter -
                Located managed bean 'autoConfigurationReportEndpoint': registering with JMX server as MBean [org.springframework.boot:type=Endpoint,name=autoConfigurationReportEndpoint]
2018-12-14 09:50:27.092 [main] INFO  o.s.b.actuate.endpoint.jmx.EndpointMBeanExporter -
                Located managed bean 'configurationPropertiesReportEndpoint': registering with JMX server as MBean [org.springframework.boot:type=Endpoint,name=configurationPropertiesReportEndpoint]
2018-12-14 09:50:27.108 [main] INFO  o.s.context.support.DefaultLifecycleProcessor -
                Starting beans in phase 2147483647
2018-12-14 09:50:27.124 [main] INFO  org.apache.coyote.http11.Http11NioProtocol -
                Initializing ProtocolHandler ["http-nio-8762"]
2018-12-14 09:50:27.139 [main] INFO  org.apache.coyote.http11.Http11NioProtocol -
                Starting ProtocolHandler ["http-nio-8762"]
2018-12-14 09:50:27.155 [main] INFO  org.apache.tomcat.util.net.NioSelectorPool -
                Using a shared selector for servlet write/read
2018-12-14 09:50:27.202 [main] INFO  o.s.b.c.e.tomcat.TomcatEmbeddedServletContainer -
                Tomcat started on port(s): 8762 (http)
2018-12-14 09:50:27.202 [main] INFO  o.s.c.n.e.s.EurekaAutoServiceRegistration -
                Updating port to 8762
2018-12-14 09:50:27.202 [main] INFO  com.zhushan.MemberServer -
                Started MemberServer in 7.26 seconds (JVM running for 7.723)
2018-12-14 09:50:27.311 [DiscoveryClient-InstanceInfoReplicator-0] INFO  com.netflix.discovery.DiscoveryClient -
                DiscoveryClient_MEMBER/PC-20180625AUVR:member:8762 - registration status: 204
2018-12-14 09:50:49.536 [http-nio-8762-exec-1] INFO  org.apache.tomcat.util.http.parser.Cookie -
                A cookie header was received [1534736930,1534737635,1535522571; Hm_lvt_101fa2cace0b3ad6c1b1a2206a0f5d23=1538100176] that contained an invalid cookie. That cookie will be ignored.Note: further occurrences of this error will be logged at DEBUG level.
2018-12-14 09:50:49.546 [http-nio-8762-exec-1] INFO  o.a.c.core.ContainerBase.[Tomcat].[localhost].[/] -
                Initializing Spring FrameworkServlet 'dispatcherServlet'
2018-12-14 09:50:49.546 [http-nio-8762-exec-1] INFO  org.springframework.web.servlet.DispatcherServlet -
                FrameworkServlet 'dispatcherServlet': initialization started
2018-12-14 09:50:49.573 [http-nio-8762-exec-1] INFO  org.springframework.web.servlet.DispatcherServlet -
                FrameworkServlet 'dispatcherServlet': initialization completed in 27 ms
2018-12-14 09:50:57.002 [DiscoveryClient-CacheRefreshExecutor-0] INFO  com.netflix.discovery.DiscoveryClient -
                Disable delta property : false
2018-12-14 09:50:57.002 [DiscoveryClient-CacheRefreshExecutor-0] INFO  com.netflix.discovery.DiscoveryClient -
                Single vip registry refresh property : null
2018-12-14 09:50:57.002 [DiscoveryClient-CacheRefreshExecutor-0] INFO  com.netflix.discovery.DiscoveryClient -
                Force full registry fetch : false
2018-12-14 09:50:57.002 [DiscoveryClient-CacheRefreshExecutor-0] INFO  com.netflix.discovery.DiscoveryClient -
                Application is null : false
2018-12-14 09:50:57.002 [DiscoveryClient-CacheRefreshExecutor-0] INFO  com.netflix.discovery.DiscoveryClient -
                Registered Applications size is zero : true
2018-12-14 09:50:57.002 [DiscoveryClient-CacheRefreshExecutor-0] INFO  com.netflix.discovery.DiscoveryClient -
                Application version is -1: false
2018-12-14 09:50:57.002 [DiscoveryClient-CacheRefreshExecutor-0] INFO  com.netflix.discovery.DiscoveryClient -
                Getting all instance registry info from the eureka server
2018-12-14 09:50:57.053 [DiscoveryClient-CacheRefreshExecutor-0] INFO  com.netflix.discovery.DiscoveryClient -
                The response status is 200
2018-12-14 09:55:26.774 [AsyncResolver-bootstrap-executor-0] INFO  c.n.d.shared.resolver.aws.ConfigClusterResolver -
                Resolving eureka endpoints via configuration
2018-12-14 10:00:26.808 [AsyncResolver-bootstrap-executor-0] INFO  c.n.d.shared.resolver.aws.ConfigClusterResolver -
                Resolving eureka endpoints via configuration
2018-12-14 10:02:34.087 [main] INFO  o.s.c.a.AnnotationConfigApplicationContext -
                Refreshing org.springframework.context.annotation.AnnotationConfigApplicationContext@3eb25e1a: startup date [Fri Dec 14 10:02:34 CST 2018]; root of context hierarchy
2018-12-14 10:02:34.306 [background-preinit] INFO  org.hibernate.validator.internal.util.Version -
                HV000001: Hibernate Validator 5.3.5.Final
2018-12-14 10:02:34.338 [main] INFO  o.s.b.f.a.AutowiredAnnotationBeanPostProcessor -
                JSR-330 'javax.inject.Inject' annotation found and supported for autowiring
2018-12-14 10:02:34.369 [main] INFO  o.s.c.s.PostProcessorRegistrationDelegate$BeanPostProcessorChecker -
                Bean 'configurationPropertiesRebinderAutoConfiguration' of type [org.springframework.cloud.autoconfigure.ConfigurationPropertiesRebinderAutoConfiguration$$EnhancerBySpringCGLIB$$233eb882] is not eligible for getting processed by all BeanPostProcessors (for example: not eligible for auto-proxying)
2018-12-14 10:02:34.830 [main] INFO  com.zhushan.MemberServer -
                No active profile set, falling back to default profiles: default
2018-12-14 10:02:34.845 [main] INFO  o.s.b.c.e.AnnotationConfigEmbeddedWebApplicationContext -
                Refreshing org.springframework.boot.context.embedded.AnnotationConfigEmbeddedWebApplicationContext@698122b2: startup date [Fri Dec 14 10:02:34 CST 2018]; parent: org.springframework.context.annotation.AnnotationConfigApplicationContext@3eb25e1a
2018-12-14 10:02:35.656 [main] INFO  o.s.d.r.config.RepositoryConfigurationDelegate -
                Multiple Spring Data modules found, entering strict repository configuration mode!
2018-12-14 10:02:35.907 [main] INFO  o.springframework.cloud.context.scope.GenericScope -
                BeanFactory id=a32fd0f1-b0f9-3ea0-b8c2-abf93232f86a
2018-12-14 10:02:35.938 [main] INFO  o.s.b.f.a.AutowiredAnnotationBeanPostProcessor -
                JSR-330 'javax.inject.Inject' annotation found and supported for autowiring
2018-12-14 10:02:36.110 [main] INFO  o.s.c.s.PostProcessorRegistrationDelegate$BeanPostProcessorChecker -
                Bean 'org.springframework.cloud.netflix.metrics.MetricsInterceptorConfiguration$MetricsRestTemplateConfiguration' of type [org.springframework.cloud.netflix.metrics.MetricsInterceptorConfiguration$MetricsRestTemplateConfiguration$$EnhancerBySpringCGLIB$$39515bc6] is not eligible for getting processed by all BeanPostProcessors (for example: not eligible for auto-proxying)
2018-12-14 10:02:36.203 [main] INFO  o.s.c.s.PostProcessorRegistrationDelegate$BeanPostProcessorChecker -
                Bean 'org.springframework.cloud.autoconfigure.ConfigurationPropertiesRebinderAutoConfiguration' of type [org.springframework.cloud.autoconfigure.ConfigurationPropertiesRebinderAutoConfiguration$$EnhancerBySpringCGLIB$$233eb882] is not eligible for getting processed by all BeanPostProcessors (for example: not eligible for auto-proxying)
2018-12-14 10:02:36.595 [main] INFO  o.s.b.c.e.tomcat.TomcatEmbeddedServletContainer -
                Tomcat initialized with port(s): 8762 (http)
2018-12-14 10:02:36.611 [main] INFO  org.apache.catalina.core.StandardService -
                Starting service [Tomcat]
2018-12-14 10:02:36.611 [main] INFO  org.apache.catalina.core.StandardEngine -
                Starting Servlet Engine: Apache Tomcat/8.5.16
2018-12-14 10:02:36.814 [localhost-startStop-1] INFO  o.a.c.core.ContainerBase.[Tomcat].[localhost].[/] -
                Initializing Spring embedded WebApplicationContext
2018-12-14 10:02:36.814 [localhost-startStop-1] INFO  org.springframework.web.context.ContextLoader -
                Root WebApplicationContext: initialization completed in 1969 ms
2018-12-14 10:02:37.080 [localhost-startStop-1] INFO  o.s.boot.web.servlet.ServletRegistrationBean -
                Mapping servlet: 'dispatcherServlet' to [/]
2018-12-14 10:02:37.080 [localhost-startStop-1] INFO  o.s.boot.web.servlet.FilterRegistrationBean -
                Mapping filter: 'metricsFilter' to: [/*]
2018-12-14 10:02:37.080 [localhost-startStop-1] INFO  o.s.boot.web.servlet.FilterRegistrationBean -
                Mapping filter: 'characterEncodingFilter' to: [/*]
2018-12-14 10:02:37.080 [localhost-startStop-1] INFO  o.s.boot.web.servlet.FilterRegistrationBean -
                Mapping filter: 'hiddenHttpMethodFilter' to: [/*]
2018-12-14 10:02:37.080 [localhost-startStop-1] INFO  o.s.boot.web.servlet.FilterRegistrationBean -
                Mapping filter: 'httpPutFormContentFilter' to: [/*]
2018-12-14 10:02:37.080 [localhost-startStop-1] INFO  o.s.boot.web.servlet.FilterRegistrationBean -
                Mapping filter: 'requestContextFilter' to: [/*]
2018-12-14 10:02:37.080 [localhost-startStop-1] INFO  o.s.boot.web.servlet.FilterRegistrationBean -
                Mapping filter: 'webRequestLoggingFilter' to: [/*]
2018-12-14 10:02:37.080 [localhost-startStop-1] INFO  o.s.boot.web.servlet.FilterRegistrationBean -
                Mapping filter: 'applicationContextIdFilter' to: [/*]
2018-12-14 10:02:37.532 [main] WARN  com.netflix.config.sources.URLConfigurationSource -
                No URLs will be polled as dynamic configuration sources.
2018-12-14 10:02:37.548 [main] INFO  com.netflix.config.sources.URLConfigurationSource -
                To enable URLs as dynamic configuration sources, define System property archaius.configurationSource.additionalUrls or make config.properties available on classpath.
2018-12-14 10:02:37.548 [main] WARN  com.netflix.config.sources.URLConfigurationSource -
                No URLs will be polled as dynamic configuration sources.
2018-12-14 10:02:37.548 [main] INFO  com.netflix.config.sources.URLConfigurationSource -
                To enable URLs as dynamic configuration sources, define System property archaius.configurationSource.additionalUrls or make config.properties available on classpath.
2018-12-14 10:02:37.891 [main] INFO  o.s.w.s.m.m.a.RequestMappingHandlerAdapter -
                Looking for @ControllerAdvice: org.springframework.boot.context.embedded.AnnotationConfigEmbeddedWebApplicationContext@698122b2: startup date [Fri Dec 14 10:02:34 CST 2018]; parent: org.springframework.context.annotation.AnnotationConfigApplicationContext@3eb25e1a
2018-12-14 10:02:38.001 [main] INFO  o.s.w.s.m.m.a.RequestMappingHandlerMapping -
                Mapped "{[/member/test]}" onto public java.util.Map<java.lang.String, java.lang.Object> com.zhushan.api.service.impl.TestApiServiceImpl.test(java.lang.Integer,java.lang.String)
2018-12-14 10:02:38.001 [main] INFO  o.s.w.s.m.m.a.RequestMappingHandlerMapping -
                Mapped "{[/member/testResponseBase]}" onto public com.zhushan.base.ResponseBase com.zhushan.api.service.impl.TestApiServiceImpl.testResponseBase()
2018-12-14 10:02:38.001 [main] INFO  o.s.w.s.m.m.a.RequestMappingHandlerMapping -
                Mapped "{[/error]}" onto public org.springframework.http.ResponseEntity<java.util.Map<java.lang.String, java.lang.Object>> org.springframework.boot.autoconfigure.web.BasicErrorController.error(javax.servlet.http.HttpServletRequest)
2018-12-14 10:02:38.001 [main] INFO  o.s.w.s.m.m.a.RequestMappingHandlerMapping -
                Mapped "{[/error],produces=[text/html]}" onto public org.springframework.web.servlet.ModelAndView org.springframework.boot.autoconfigure.web.BasicErrorController.errorHtml(javax.servlet.http.HttpServletRequest,javax.servlet.http.HttpServletResponse)
2018-12-14 10:02:38.048 [main] INFO  o.s.web.servlet.handler.SimpleUrlHandlerMapping -
                Mapped URL path [/webjars/**] onto handler of type [class org.springframework.web.servlet.resource.ResourceHttpRequestHandler]
2018-12-14 10:02:38.048 [main] INFO  o.s.web.servlet.handler.SimpleUrlHandlerMapping -
                Mapped URL path [/**] onto handler of type [class org.springframework.web.servlet.resource.ResourceHttpRequestHandler]
2018-12-14 10:02:38.095 [main] INFO  o.s.web.servlet.handler.SimpleUrlHandlerMapping -
                Mapped URL path [/**/favicon.ico] onto handler of type [class org.springframework.web.servlet.resource.ResourceHttpRequestHandler]
2018-12-14 10:02:38.969 [main] INFO  o.s.b.actuate.endpoint.mvc.EndpointHandlerMapping -
                Mapped "{[/archaius || /archaius.json],methods=[GET],produces=[application/vnd.spring-boot.actuator.v1+json || application/json]}" onto public java.lang.Object org.springframework.boot.actuate.endpoint.mvc.EndpointMvcAdapter.invoke()
2018-12-14 10:02:38.969 [main] INFO  o.s.b.actuate.endpoint.mvc.EndpointHandlerMapping -
                Mapped "{[/resume || /resume.json],methods=[POST]}" onto public java.lang.Object org.springframework.cloud.endpoint.GenericPostableMvcEndpoint.invoke()
2018-12-14 10:02:38.969 [main] INFO  o.s.b.actuate.endpoint.mvc.EndpointHandlerMapping -
                Mapped "{[/env/{name:.*}],methods=[GET],produces=[application/vnd.spring-boot.actuator.v1+json || application/json]}" onto public java.lang.Object org.springframework.boot.actuate.endpoint.mvc.EnvironmentMvcEndpoint.value(java.lang.String)
2018-12-14 10:02:38.969 [main] INFO  o.s.b.actuate.endpoint.mvc.EndpointHandlerMapping -
                Mapped "{[/env || /env.json],methods=[GET],produces=[application/vnd.spring-boot.actuator.v1+json || application/json]}" onto public java.lang.Object org.springframework.boot.actuate.endpoint.mvc.EndpointMvcAdapter.invoke()
2018-12-14 10:02:38.969 [main] INFO  o.s.b.actuate.endpoint.mvc.EndpointHandlerMapping -
                Mapped "{[/features || /features.json],methods=[GET],produces=[application/vnd.spring-boot.actuator.v1+json || application/json]}" onto public java.lang.Object org.springframework.boot.actuate.endpoint.mvc.EndpointMvcAdapter.invoke()
2018-12-14 10:02:38.969 [main] INFO  o.s.b.actuate.endpoint.mvc.EndpointHandlerMapping -
                Mapped "{[/loggers/{name:.*}],methods=[GET],produces=[application/vnd.spring-boot.actuator.v1+json || application/json]}" onto public java.lang.Object org.springframework.boot.actuate.endpoint.mvc.LoggersMvcEndpoint.get(java.lang.String)
2018-12-14 10:02:38.969 [main] INFO  o.s.b.actuate.endpoint.mvc.EndpointHandlerMapping -
                Mapped "{[/loggers/{name:.*}],methods=[POST],consumes=[application/vnd.spring-boot.actuator.v1+json || application/json],produces=[application/vnd.spring-boot.actuator.v1+json || application/json]}" onto public java.lang.Object org.springframework.boot.actuate.endpoint.mvc.LoggersMvcEndpoint.set(java.lang.String,java.util.Map<java.lang.String, java.lang.String>)
2018-12-14 10:02:38.969 [main] INFO  o.s.b.actuate.endpoint.mvc.EndpointHandlerMapping -
                Mapped "{[/loggers || /loggers.json],methods=[GET],produces=[application/vnd.spring-boot.actuator.v1+json || application/json]}" onto public java.lang.Object org.springframework.boot.actuate.endpoint.mvc.EndpointMvcAdapter.invoke()
2018-12-14 10:02:38.969 [main] INFO  o.s.b.actuate.endpoint.mvc.EndpointHandlerMapping -
                Mapped "{[/refresh || /refresh.json],methods=[POST]}" onto public java.lang.Object org.springframework.cloud.endpoint.GenericPostableMvcEndpoint.invoke()
2018-12-14 10:02:38.969 [main] INFO  o.s.b.actuate.endpoint.mvc.EndpointHandlerMapping -
                Mapped "{[/heapdump || /heapdump.json],methods=[GET],produces=[application/octet-stream]}" onto public void org.springframework.boot.actuate.endpoint.mvc.HeapdumpMvcEndpoint.invoke(boolean,javax.servlet.http.HttpServletRequest,javax.servlet.http.HttpServletResponse) throws java.io.IOException,javax.servlet.ServletException
2018-12-14 10:02:38.969 [main] INFO  o.s.b.actuate.endpoint.mvc.EndpointHandlerMapping -
                Mapped "{[/health || /health.json],methods=[GET],produces=[application/vnd.spring-boot.actuator.v1+json || application/json]}" onto public java.lang.Object org.springframework.boot.actuate.endpoint.mvc.HealthMvcEndpoint.invoke(javax.servlet.http.HttpServletRequest,java.security.Principal)
2018-12-14 10:02:38.969 [main] INFO  o.s.b.actuate.endpoint.mvc.EndpointHandlerMapping -
                Mapped "{[/metrics/{name:.*}],methods=[GET],produces=[application/vnd.spring-boot.actuator.v1+json || application/json]}" onto public java.lang.Object org.springframework.boot.actuate.endpoint.mvc.MetricsMvcEndpoint.value(java.lang.String)
2018-12-14 10:02:38.984 [main] INFO  o.s.b.actuate.endpoint.mvc.EndpointHandlerMapping -
                Mapped "{[/metrics || /metrics.json],methods=[GET],produces=[application/vnd.spring-boot.actuator.v1+json || application/json]}" onto public java.lang.Object org.springframework.boot.actuate.endpoint.mvc.EndpointMvcAdapter.invoke()
2018-12-14 10:02:38.984 [main] INFO  o.s.b.actuate.endpoint.mvc.EndpointHandlerMapping -
                Mapped "{[/dump || /dump.json],methods=[GET],produces=[application/vnd.spring-boot.actuator.v1+json || application/json]}" onto public java.lang.Object org.springframework.boot.actuate.endpoint.mvc.EndpointMvcAdapter.invoke()
2018-12-14 10:02:38.984 [main] INFO  o.s.b.actuate.endpoint.mvc.EndpointHandlerMapping -
                Mapped "{[/configprops || /configprops.json],methods=[GET],produces=[application/vnd.spring-boot.actuator.v1+json || application/json]}" onto public java.lang.Object org.springframework.boot.actuate.endpoint.mvc.EndpointMvcAdapter.invoke()
2018-12-14 10:02:38.984 [main] INFO  o.s.b.actuate.endpoint.mvc.EndpointHandlerMapping -
                Mapped "{[/auditevents || /auditevents.json],methods=[GET],produces=[application/vnd.spring-boot.actuator.v1+json || application/json]}" onto public org.springframework.http.ResponseEntity<?> org.springframework.boot.actuate.endpoint.mvc.AuditEventsMvcEndpoint.findByPrincipalAndAfterAndType(java.lang.String,java.util.Date,java.lang.String)
2018-12-14 10:02:38.984 [main] INFO  o.s.b.actuate.endpoint.mvc.EndpointHandlerMapping -
                Mapped "{[/env],methods=[POST]}" onto public java.lang.Object org.springframework.cloud.context.environment.EnvironmentManagerMvcEndpoint.value(java.util.Map<java.lang.String, java.lang.String>)
2018-12-14 10:02:38.984 [main] INFO  o.s.b.actuate.endpoint.mvc.EndpointHandlerMapping -
                Mapped "{[/env/reset],methods=[POST]}" onto public java.util.Map<java.lang.String, java.lang.Object> org.springframework.cloud.context.environment.EnvironmentManagerMvcEndpoint.reset()
2018-12-14 10:02:38.984 [main] INFO  o.s.b.actuate.endpoint.mvc.EndpointHandlerMapping -
                Mapped "{[/pause || /pause.json],methods=[POST]}" onto public java.lang.Object org.springframework.cloud.endpoint.GenericPostableMvcEndpoint.invoke()
2018-12-14 10:02:38.984 [main] INFO  o.s.b.actuate.endpoint.mvc.EndpointHandlerMapping -
                Mapped "{[/info || /info.json],methods=[GET],produces=[application/vnd.spring-boot.actuator.v1+json || application/json]}" onto public java.lang.Object org.springframework.boot.actuate.endpoint.mvc.EndpointMvcAdapter.invoke()
2018-12-14 10:02:38.984 [main] INFO  o.s.b.actuate.endpoint.mvc.EndpointHandlerMapping -
                Mapped "{[/service-registry/instance-status],methods=[GET]}" onto public org.springframework.http.ResponseEntity org.springframework.cloud.client.serviceregistry.endpoint.ServiceRegistryEndpoint.getStatus()
2018-12-14 10:02:39.000 [main] INFO  o.s.b.actuate.endpoint.mvc.EndpointHandlerMapping -
                Mapped "{[/service-registry/instance-status],methods=[POST]}" onto public org.springframework.http.ResponseEntity<?> org.springframework.cloud.client.serviceregistry.endpoint.ServiceRegistryEndpoint.setStatus(java.lang.String)
2018-12-14 10:02:39.000 [main] INFO  o.s.b.actuate.endpoint.mvc.EndpointHandlerMapping -
                Mapped "{[/trace || /trace.json],methods=[GET],produces=[application/vnd.spring-boot.actuator.v1+json || application/json]}" onto public java.lang.Object org.springframework.boot.actuate.endpoint.mvc.EndpointMvcAdapter.invoke()
2018-12-14 10:02:39.000 [main] INFO  o.s.b.actuate.endpoint.mvc.EndpointHandlerMapping -
                Mapped "{[/beans || /beans.json],methods=[GET],produces=[application/vnd.spring-boot.actuator.v1+json || application/json]}" onto public java.lang.Object org.springframework.boot.actuate.endpoint.mvc.EndpointMvcAdapter.invoke()
2018-12-14 10:02:39.000 [main] INFO  o.s.b.actuate.endpoint.mvc.EndpointHandlerMapping -
                Mapped "{[/mappings || /mappings.json],methods=[GET],produces=[application/vnd.spring-boot.actuator.v1+json || application/json]}" onto public java.lang.Object org.springframework.boot.actuate.endpoint.mvc.EndpointMvcAdapter.invoke()
2018-12-14 10:02:39.000 [main] INFO  o.s.b.actuate.endpoint.mvc.EndpointHandlerMapping -
                Mapped "{[/restart || /restart.json],methods=[POST]}" onto public java.lang.Object org.springframework.cloud.context.restart.RestartMvcEndpoint.invoke()
2018-12-14 10:02:39.000 [main] INFO  o.s.b.actuate.endpoint.mvc.EndpointHandlerMapping -
                Mapped "{[/autoconfig || /autoconfig.json],methods=[GET],produces=[application/vnd.spring-boot.actuator.v1+json || application/json]}" onto public java.lang.Object org.springframework.boot.actuate.endpoint.mvc.EndpointMvcAdapter.invoke()
2018-12-14 10:02:39.219 [main] INFO  o.s.ui.freemarker.SpringTemplateLoader -
                SpringTemplateLoader for FreeMarker: using resource loader [org.springframework.boot.context.embedded.AnnotationConfigEmbeddedWebApplicationContext@698122b2: startup date [Fri Dec 14 10:02:34 CST 2018]; parent: org.springframework.context.annotation.AnnotationConfigApplicationContext@3eb25e1a] and template loader path [classpath:/templates/]
2018-12-14 10:02:39.219 [main] INFO  o.s.w.servlet.view.freemarker.FreeMarkerConfigurer -
                ClassTemplateLoader for Spring macros added to FreeMarker configuration
2018-12-14 10:02:39.453 [main] INFO  o.s.jmx.export.annotation.AnnotationMBeanExporter -
                Registering beans for JMX exposure on startup
2018-12-14 10:02:39.453 [main] INFO  o.s.jmx.export.annotation.AnnotationMBeanExporter -
                Bean with name 'environmentManager' has been autodetected for JMX exposure
2018-12-14 10:02:39.453 [main] INFO  o.s.jmx.export.annotation.AnnotationMBeanExporter -
                Bean with name 'configurationPropertiesRebinder' has been autodetected for JMX exposure
2018-12-14 10:02:39.453 [main] INFO  o.s.jmx.export.annotation.AnnotationMBeanExporter -
                Bean with name 'refreshEndpoint' has been autodetected for JMX exposure
2018-12-14 10:02:39.453 [main] INFO  o.s.jmx.export.annotation.AnnotationMBeanExporter -
                Bean with name 'restartEndpoint' has been autodetected for JMX exposure
2018-12-14 10:02:39.453 [main] INFO  o.s.jmx.export.annotation.AnnotationMBeanExporter -
                Bean with name 'serviceRegistryEndpoint' has been autodetected for JMX exposure
2018-12-14 10:02:39.453 [main] INFO  o.s.jmx.export.annotation.AnnotationMBeanExporter -
                Bean with name 'refreshScope' has been autodetected for JMX exposure
2018-12-14 10:02:39.469 [main] INFO  o.s.jmx.export.annotation.AnnotationMBeanExporter -
                Located managed bean 'environmentManager': registering with JMX server as MBean [org.springframework.cloud.context.environment:name=environmentManager,type=EnvironmentManager]
2018-12-14 10:02:39.484 [main] INFO  o.s.jmx.export.annotation.AnnotationMBeanExporter -
                Located managed bean 'restartEndpoint': registering with JMX server as MBean [org.springframework.cloud.context.restart:name=restartEndpoint,type=RestartEndpoint]
2018-12-14 10:02:39.500 [main] INFO  o.s.jmx.export.annotation.AnnotationMBeanExporter -
                Located managed bean 'serviceRegistryEndpoint': registering with JMX server as MBean [org.springframework.cloud.client.serviceregistry.endpoint:name=serviceRegistryEndpoint,type=ServiceRegistryEndpoint]
2018-12-14 10:02:39.500 [main] INFO  o.s.jmx.export.annotation.AnnotationMBeanExporter -
                Located managed bean 'refreshScope': registering with JMX server as MBean [org.springframework.cloud.context.scope.refresh:name=refreshScope,type=RefreshScope]
2018-12-14 10:02:39.516 [main] INFO  o.s.jmx.export.annotation.AnnotationMBeanExporter -
                Located managed bean 'configurationPropertiesRebinder': registering with JMX server as MBean [org.springframework.cloud.context.properties:name=configurationPropertiesRebinder,context=698122b2,type=ConfigurationPropertiesRebinder]
2018-12-14 10:02:39.531 [main] INFO  o.s.jmx.export.annotation.AnnotationMBeanExporter -
                Located managed bean 'refreshEndpoint': registering with JMX server as MBean [org.springframework.cloud.endpoint:name=refreshEndpoint,type=RefreshEndpoint]
2018-12-14 10:02:39.531 [main] INFO  o.s.b.actuate.endpoint.jmx.EndpointMBeanExporter -
                Registering beans for JMX exposure on startup
2018-12-14 10:02:39.625 [main] INFO  o.s.context.support.DefaultLifecycleProcessor -
                Starting beans in phase 0
2018-12-14 10:02:39.640 [main] INFO  o.s.cloud.netflix.eureka.InstanceInfoFactory -
                Setting initial instance status as: STARTING
2018-12-14 10:02:39.675 [main] INFO  com.netflix.discovery.DiscoveryClient -
                Initializing Eureka in region us-east-1
2018-12-14 10:02:39.955 [main] INFO  c.n.discovery.provider.DiscoveryJerseyProvider -
                Using JSON encoding codec LegacyJacksonJson
2018-12-14 10:02:39.955 [main] INFO  c.n.discovery.provider.DiscoveryJerseyProvider -
                Using JSON decoding codec LegacyJacksonJson
2018-12-14 10:02:40.081 [main] INFO  c.n.discovery.provider.DiscoveryJerseyProvider -
                Using XML encoding codec XStreamXml
2018-12-14 10:02:40.081 [main] INFO  c.n.discovery.provider.DiscoveryJerseyProvider -
                Using XML decoding codec XStreamXml
2018-12-14 10:02:40.284 [main] INFO  c.n.d.shared.resolver.aws.ConfigClusterResolver -
                Resolving eureka endpoints via configuration
2018-12-14 10:02:40.393 [main] INFO  com.netflix.discovery.DiscoveryClient -
                Disable delta property : false
2018-12-14 10:02:40.393 [main] INFO  com.netflix.discovery.DiscoveryClient -
                Single vip registry refresh property : null
2018-12-14 10:02:40.393 [main] INFO  com.netflix.discovery.DiscoveryClient -
                Force full registry fetch : false
2018-12-14 10:02:40.393 [main] INFO  com.netflix.discovery.DiscoveryClient -
                Application is null : false
2018-12-14 10:02:40.393 [main] INFO  com.netflix.discovery.DiscoveryClient -
                Registered Applications size is zero : true
2018-12-14 10:02:40.393 [main] INFO  com.netflix.discovery.DiscoveryClient -
                Application version is -1: true
2018-12-14 10:02:40.393 [main] INFO  com.netflix.discovery.DiscoveryClient -
                Getting all instance registry info from the eureka server
2018-12-14 10:02:40.549 [main] INFO  com.netflix.discovery.DiscoveryClient -
                The response status is 200
2018-12-14 10:02:40.549 [main] INFO  com.netflix.discovery.DiscoveryClient -
                Starting heartbeat executor: renew interval is: 30
2018-12-14 10:02:40.549 [main] INFO  com.netflix.discovery.InstanceInfoReplicator -
                InstanceInfoReplicator onDemand update allowed rate per min is 4
2018-12-14 10:02:40.549 [main] INFO  com.netflix.discovery.DiscoveryClient -
                Discovery Client initialized at timestamp 1544752960549 with initial instances count: 1
2018-12-14 10:02:40.580 [main] INFO  o.s.c.n.e.serviceregistry.EurekaServiceRegistry -
                Registering application member with eureka with status UP
2018-12-14 10:02:40.580 [main] INFO  com.netflix.discovery.DiscoveryClient -
                Saw local status change event StatusChangeEvent [timestamp=1544752960580, current=UP, previous=STARTING]
2018-12-14 10:02:40.580 [main] INFO  o.s.b.actuate.endpoint.jmx.EndpointMBeanExporter -
                Located managed bean 'auditEventsEndpoint': registering with JMX server as MBean [org.springframework.boot:type=Endpoint,name=auditEventsEndpoint]
2018-12-14 10:02:40.596 [main] INFO  o.s.b.actuate.endpoint.jmx.EndpointMBeanExporter -
                Located managed bean 'archaiusEndpoint': registering with JMX server as MBean [org.springframework.boot:type=Endpoint,name=archaiusEndpoint]
2018-12-14 10:02:40.596 [DiscoveryClient-InstanceInfoReplicator-0] INFO  com.netflix.discovery.DiscoveryClient -
                DiscoveryClient_MEMBER/PC-20180625AUVR:member:8762: registering service...
2018-12-14 10:02:40.596 [main] INFO  o.s.b.actuate.endpoint.jmx.EndpointMBeanExporter -
                Located managed bean 'featuresEndpoint': registering with JMX server as MBean [org.springframework.boot:type=Endpoint,name=featuresEndpoint]
2018-12-14 10:02:40.596 [main] INFO  o.s.b.actuate.endpoint.jmx.EndpointMBeanExporter -
                Located managed bean 'requestMappingEndpoint': registering with JMX server as MBean [org.springframework.boot:type=Endpoint,name=requestMappingEndpoint]
2018-12-14 10:02:40.612 [main] INFO  o.s.b.actuate.endpoint.jmx.EndpointMBeanExporter -
                Located managed bean 'environmentEndpoint': registering with JMX server as MBean [org.springframework.boot:type=Endpoint,name=environmentEndpoint]
2018-12-14 10:02:40.612 [main] INFO  o.s.b.actuate.endpoint.jmx.EndpointMBeanExporter -
                Located managed bean 'healthEndpoint': registering with JMX server as MBean [org.springframework.boot:type=Endpoint,name=healthEndpoint]
2018-12-14 10:02:40.612 [main] INFO  o.s.b.actuate.endpoint.jmx.EndpointMBeanExporter -
                Located managed bean 'beansEndpoint': registering with JMX server as MBean [org.springframework.boot:type=Endpoint,name=beansEndpoint]
2018-12-14 10:02:40.612 [main] INFO  o.s.b.actuate.endpoint.jmx.EndpointMBeanExporter -
                Located managed bean 'infoEndpoint': registering with JMX server as MBean [org.springframework.boot:type=Endpoint,name=infoEndpoint]
2018-12-14 10:02:40.612 [main] INFO  o.s.b.actuate.endpoint.jmx.EndpointMBeanExporter -
                Located managed bean 'loggersEndpoint': registering with JMX server as MBean [org.springframework.boot:type=Endpoint,name=loggersEndpoint]
2018-12-14 10:02:40.612 [main] INFO  o.s.b.actuate.endpoint.jmx.EndpointMBeanExporter -
                Located managed bean 'metricsEndpoint': registering with JMX server as MBean [org.springframework.boot:type=Endpoint,name=metricsEndpoint]
2018-12-14 10:02:40.627 [main] INFO  o.s.b.actuate.endpoint.jmx.EndpointMBeanExporter -
                Located managed bean 'traceEndpoint': registering with JMX server as MBean [org.springframework.boot:type=Endpoint,name=traceEndpoint]
2018-12-14 10:02:40.627 [main] INFO  o.s.b.actuate.endpoint.jmx.EndpointMBeanExporter -
                Located managed bean 'dumpEndpoint': registering with JMX server as MBean [org.springframework.boot:type=Endpoint,name=dumpEndpoint]
2018-12-14 10:02:40.627 [main] INFO  o.s.b.actuate.endpoint.jmx.EndpointMBeanExporter -
                Located managed bean 'autoConfigurationReportEndpoint': registering with JMX server as MBean [org.springframework.boot:type=Endpoint,name=autoConfigurationReportEndpoint]
2018-12-14 10:02:40.627 [main] INFO  o.s.b.actuate.endpoint.jmx.EndpointMBeanExporter -
                Located managed bean 'configurationPropertiesReportEndpoint': registering with JMX server as MBean [org.springframework.boot:type=Endpoint,name=configurationPropertiesReportEndpoint]
2018-12-14 10:02:40.627 [main] INFO  o.s.context.support.DefaultLifecycleProcessor -
                Starting beans in phase 2147483647
2018-12-14 10:02:40.658 [main] INFO  org.apache.coyote.http11.Http11NioProtocol -
                Initializing ProtocolHandler ["http-nio-8762"]
2018-12-14 10:02:40.674 [main] INFO  org.apache.coyote.http11.Http11NioProtocol -
                Starting ProtocolHandler ["http-nio-8762"]
2018-12-14 10:02:40.674 [main] INFO  org.apache.tomcat.util.net.NioSelectorPool -
                Using a shared selector for servlet write/read
2018-12-14 10:02:40.705 [main] INFO  o.s.b.c.e.tomcat.TomcatEmbeddedServletContainer -
                Tomcat started on port(s): 8762 (http)
2018-12-14 10:02:40.705 [main] INFO  o.s.c.n.e.s.EurekaAutoServiceRegistration -
                Updating port to 8762
2018-12-14 10:02:40.705 [main] INFO  com.zhushan.MemberServer -
                Started MemberServer in 7.117 seconds (JVM running for 7.563)
2018-12-14 10:02:40.736 [DiscoveryClient-InstanceInfoReplicator-0] INFO  com.netflix.discovery.DiscoveryClient -
                DiscoveryClient_MEMBER/PC-20180625AUVR:member:8762 - registration status: 204
2018-12-14 10:02:55.967 [http-nio-8762-exec-4] INFO  org.apache.tomcat.util.http.parser.Cookie -
                A cookie header was received [1534736930,1534737635,1535522571; Hm_lvt_101fa2cace0b3ad6c1b1a2206a0f5d23=1538100176] that contained an invalid cookie. That cookie will be ignored.Note: further occurrences of this error will be logged at DEBUG level.
2018-12-14 10:02:55.975 [http-nio-8762-exec-4] INFO  o.a.c.core.ContainerBase.[Tomcat].[localhost].[/] -
                Initializing Spring FrameworkServlet 'dispatcherServlet'
2018-12-14 10:02:55.975 [http-nio-8762-exec-4] INFO  org.springframework.web.servlet.DispatcherServlet -
                FrameworkServlet 'dispatcherServlet': initialization started
2018-12-14 10:02:55.999 [http-nio-8762-exec-4] INFO  org.springframework.web.servlet.DispatcherServlet -
                FrameworkServlet 'dispatcherServlet': initialization completed in 23 ms
2018-12-14 10:02:56.066 [http-nio-8762-exec-4] INFO  com.zhushan.base.LogAspectServiceApi -
                ==============================
2018-12-14 10:02:56.066 [http-nio-8762-exec-4] INFO  com.zhushan.base.LogAspectServiceApi -
                :http://127.0.0.1:8762/member/test
2018-12-14 10:02:56.066 [http-nio-8762-exec-4] INFO  com.zhushan.base.LogAspectServiceApi -
                :GET
2018-12-14 10:02:56.068 [http-nio-8762-exec-4] INFO  com.zhushan.base.LogAspectServiceApi -
                :Map com.zhushan.api.service.impl.TestApiServiceImpl.test(Integer,String)
2018-12-14 10:02:56.069 [http-nio-8762-exec-4] INFO  com.zhushan.base.LogAspectServiceApi -
                :[10, jd]
2018-12-14 10:02:56.069 [http-nio-8762-exec-4] INFO  com.zhushan.base.LogAspectServiceApi -
                ==============================
2018-12-14 10:02:56.075 [http-nio-8762-exec-4] INFO  com.zhushan.base.LogAspectServiceApi -
                ------------------------------
2018-12-14 10:02:56.085 [http-nio-8762-exec-4] INFO  com.zhushan.base.LogAspectServiceApi -
                Response:{"msg":"success","code":200,"data":["10","jd","jiandan","123456"]}
2018-12-14 10:02:56.085 [http-nio-8762-exec-4] INFO  com.zhushan.base.LogAspectServiceApi -
                ------------------------------
