JvmtiExport can_access_local_variables 0
JvmtiExport can_hotswap_or_post_breakpoint 0
JvmtiExport can_post_on_exceptions 0
# 650 ciObject found
instanceKlass rx/internal/util/ScalarSynchronousObservable$3
instanceKlass com/netflix/loadbalancer/reactive/LoadBalancerCommand$3$1
instanceKlass rx/internal/schedulers/TrampolineScheduler$TimedAction
instanceKlass rx/internal/operators/OperatorRetryWithPredicate$SourceSubscriber$1
instanceKlass rx/internal/util/ScalarSynchronousObservable$WeakSingleProducer
instanceKlass com/netflix/loadbalancer/reactive/LoadBalancerCommand$4
instanceKlass rx/internal/operators/OperatorRetryWithPredicate
instanceKlass rx/internal/util/ScalarSynchronousObservable$JustOnSubscribe
instanceKlass com/netflix/loadbalancer/reactive/LoadBalancerCommand$2
instanceKlass com/netflix/loadbalancer/reactive/LoadBalancerCommand$3
instanceKlass com/netflix/loadbalancer/reactive/LoadBalancerCommand$1
instanceKlass com/netflix/loadbalancer/reactive/LoadBalancerCommand$ExecutionInfoContext
instanceKlass com/netflix/client/AbstractLoadBalancerAwareClient$1
instanceKlass com/netflix/loadbalancer/reactive/LoadBalancerCommand$Builder
instanceKlass com/netflix/loadbalancer/reactive/LoadBalancerCommand
instanceKlass org/springframework/cloud/netflix/feign/ribbon/FeignLoadBalancer$RibbonResponse
instanceKlass com/netflix/util/Pair
instanceKlass com/netflix/client/RequestSpecificRetryHandler
instanceKlass org/springframework/cloud/netflix/ribbon/apache/RibbonApacheHttpResponse
instanceKlass org/apache/http/impl/client/HttpClientBuilder$2
instanceKlass org/apache/http/impl/client/SystemDefaultCredentialsProvider
instanceKlass org/apache/http/impl/cookie/IgnoreSpecProvider
instanceKlass org/apache/http/impl/cookie/NetscapeDraftSpecProvider
instanceKlass org/apache/http/impl/cookie/RFC6265CookieSpecProvider
instanceKlass org/apache/http/impl/cookie/DefaultCookieSpecProvider
instanceKlass org/apache/http/impl/client/CookieSpecRegistries
instanceKlass org/apache/http/impl/execchain/RedirectExec
instanceKlass org/apache/http/impl/conn/DefaultRoutePlanner
instanceKlass org/apache/http/impl/execchain/RetryExec
instanceKlass org/apache/http/impl/execchain/ProtocolExec
instanceKlass org/apache/http/client/protocol/ResponseContentEncoding$2
instanceKlass org/apache/http/client/protocol/ResponseContentEncoding$1
instanceKlass org/apache/http/client/entity/InputStreamFactory
instanceKlass org/apache/http/client/protocol/ResponseContentEncoding
instanceKlass org/apache/http/client/protocol/RequestAcceptEncoding
instanceKlass org/apache/http/protocol/ChainBuilder
instanceKlass org/apache/http/client/protocol/RequestExpectContinue
instanceKlass org/apache/http/protocol/HttpProcessorBuilder
instanceKlass org/apache/http/impl/execchain/MainClientExec
instanceKlass org/apache/http/impl/conn/DefaultHttpResponseParserFactory
instanceKlass org/apache/http/impl/io/DefaultHttpRequestWriterFactory
instanceKlass org/apache/http/impl/BHttpConnectionBase
instanceKlass org/apache/http/io/HttpMessageParserFactory
instanceKlass org/apache/http/io/HttpMessageWriterFactory
instanceKlass org/apache/http/impl/conn/ManagedHttpClientConnectionFactory
instanceKlass org/apache/http/conn/HttpConnectionFactory
instanceKlass org/apache/http/impl/conn/PoolingHttpClientConnectionManager$InternalConnectionFactory
instanceKlass org/apache/http/pool/PoolEntryCallback
instanceKlass org/apache/http/pool/RouteSpecificPool
instanceKlass org/apache/http/pool/AbstractConnPool
instanceKlass org/apache/http/pool/ConnPool
instanceKlass org/apache/http/impl/conn/PoolingHttpClientConnectionManager$ConfigData
instanceKlass org/apache/http/impl/conn/DefaultSchemePortResolver
instanceKlass org/apache/http/impl/conn/DefaultHttpClientConnectionOperator
instanceKlass org/apache/http/config/Registry
instanceKlass org/apache/http/conn/socket/PlainConnectionSocketFactory
instanceKlass org/apache/http/config/RegistryBuilder
instanceKlass org/apache/http/conn/ConnectionRequest
instanceKlass org/apache/http/pool/PoolEntry
instanceKlass org/apache/http/pool/ConnFactory
instanceKlass org/apache/http/conn/HttpClientConnectionOperator
instanceKlass org/apache/http/impl/conn/PoolingHttpClientConnectionManager
instanceKlass org/apache/http/pool/ConnPoolControl
instanceKlass javax/net/ssl/KeyManagerFactorySpi
instanceKlass javax/net/ssl/KeyManagerFactory$1
instanceKlass javax/net/ssl/KeyManagerFactory
instanceKlass sun/security/ssl/SSLContextImpl$DefaultManagersHolder$1
instanceKlass sun/security/ssl/SSLContextImpl$DefaultManagersHolder
instanceKlass javax/net/ssl/SSLSocketFactory$1
instanceKlass org/apache/http/conn/SchemePortResolver
instanceKlass org/apache/http/impl/execchain/ClientExecChain
instanceKlass org/apache/http/conn/HttpClientConnectionManager
instanceKlass org/apache/http/impl/client/HttpClientBuilder
instanceKlass com/netflix/client/DefaultLoadBalancerRetryHandler
instanceKlass com/google/common/cache/LocalCache$WriteThroughEntry
instanceKlass com/netflix/client/ClientFactory
instanceKlass com/google/common/util/concurrent/AbstractFuture$Failure
instanceKlass com/google/common/util/concurrent/AbstractFuture$Cancellation
instanceKlass com/google/common/util/concurrent/AbstractFuture$SetFuture
instanceKlass com/google/common/util/concurrent/Uninterruptibles
instanceKlass com/netflix/stats/distribution/DataPublisher$PublishThreadFactory
instanceKlass com/netflix/stats/distribution/DataPublisher$1
instanceKlass com/netflix/stats/distribution/DataPublisher
instanceKlass com/netflix/util/MeasuredRate
instanceKlass com/netflix/stats/distribution/Distribution
instanceKlass com/netflix/stats/distribution/DataDistributionMBean
instanceKlass com/netflix/stats/distribution/DistributionMBean
instanceKlass com/netflix/stats/distribution/DataAccumulator
instanceKlass com/netflix/stats/distribution/DataCollector
instanceKlass com/google/common/base/Stopwatch
instanceKlass com/google/common/util/concurrent/AbstractFuture$Waiter
instanceKlass com/google/common/util/concurrent/AbstractFuture$Listener
instanceKlass com/google/common/util/concurrent/AbstractFuture$UnsafeAtomicHelper$1
instanceKlass com/google/common/util/concurrent/AbstractFuture$AtomicHelper
instanceKlass com/google/common/util/concurrent/AbstractFuture
instanceKlass com/google/common/util/concurrent/ListenableFuture
instanceKlass com/google/common/cache/LocalCache$LoadingValueReference
instanceKlass com/netflix/loadbalancer/PredicateKey
instanceKlass com/google/common/collect/AbstractIterator$1
instanceKlass com/google/common/collect/FluentIterable
instanceKlass com/google/common/collect/Iterables
instanceKlass com/netflix/niws/loadbalancer/DiscoveryEnabledServer$1
instanceKlass com/netflix/loadbalancer/Server$1
instanceKlass com/netflix/loadbalancer/Server$MetaInfo
instanceKlass com/netflix/loadbalancer/PollingServerListUpdater$LazyHolder$2
instanceKlass com/netflix/loadbalancer/PollingServerListUpdater$LazyHolder$1
instanceKlass com/netflix/loadbalancer/PollingServerListUpdater$LazyHolder
instanceKlass com/netflix/loadbalancer/PollingServerListUpdater$1
instanceKlass com/netflix/loadbalancer/DynamicServerListLoadBalancer$1
instanceKlass com/netflix/loadbalancer/ServerStatusChangeListener
instanceKlass com/netflix/loadbalancer/ServerListChangeListener
instanceKlass com/netflix/client/PrimeConnections
instanceKlass com/google/common/cache/LocalCache$HashIterator
instanceKlass com/google/common/base/Converter
instanceKlass com/google/common/primitives/Ints
instanceKlass com/netflix/loadbalancer/ZoneStats
instanceKlass com/netflix/loadbalancer/ServerStats
instanceKlass com/google/common/cache/LocalCache$AbstractReferenceEntry
instanceKlass com/google/common/cache/Weigher
instanceKlass com/google/common/cache/LocalCache$StrongValueReference
instanceKlass com/google/common/cache/LocalCache$1
instanceKlass com/google/common/cache/LocalCache$ReferenceEntry
instanceKlass com/google/common/cache/LocalCache$ValueReference
instanceKlass com/google/common/cache/LocalCache$LocalManualCache
instanceKlass com/netflix/loadbalancer/LoadBalancerStats$2
instanceKlass com/google/common/cache/CacheBuilder$2
instanceKlass com/google/common/cache/CacheStats
instanceKlass com/google/common/base/Suppliers$SupplierOfInstance
instanceKlass com/google/common/base/Suppliers
instanceKlass com/google/common/cache/CacheBuilder$1
instanceKlass com/google/common/cache/AbstractCache$StatsCounter
instanceKlass com/google/common/cache/LoadingCache
instanceKlass com/google/common/base/Ticker
instanceKlass com/netflix/loadbalancer/LoadBalancerStats$3
instanceKlass com/netflix/loadbalancer/BaseLoadBalancer$Pinger
instanceKlass com/google/common/cache/CacheLoader
instanceKlass com/google/common/cache/RemovalListener
instanceKlass com/netflix/util/concurrent/ShutdownEnabledTimer$1
instanceKlass com/netflix/loadbalancer/ServerComparator
instanceKlass com/netflix/loadbalancer/BaseLoadBalancer$SerialPingStrategy
instanceKlass com/netflix/loadbalancer/IPingStrategy
instanceKlass com/netflix/loadbalancer/ServerListUpdater$UpdateAction
instanceKlass com/netflix/loadbalancer/PollingServerListUpdater
