#
# There is insufficient memory for the Java Runtime Environment to continue.
# Native memory allocation (malloc) failed to allocate 32744 bytes for ChunkPool::allocate
# Possible reasons:
#   The system is out of physical RAM or swap space
#   In 32 bit mode, the process size limit was hit
# Possible solutions:
#   Reduce memory load on the system
#   Increase physical memory or swap space
#   Check if swap backing store is full
#   Use 64 bit Java on a 64 bit OS
#   Decrease Java heap size (-Xmx/-Xms)
#   Decrease number of Java threads
#   Decrease Java thread stack sizes (-Xss)
#   Set larger code cache with -XX:ReservedCodeCacheSize=
# This output file may be truncated or incomplete.
#
#  Out of Memory Error (allocation.cpp:273), pid=3596, tid=0x00000000000015dc
#
# JRE version: Java(TM) SE Runtime Environment (8.0_181-b13) (build 1.8.0_181-b13)
# Java VM: Java HotSpot(TM) 64-Bit Server VM (25.181-b13 mixed mode windows-amd64 compressed oops)
# Failed to write core dump. Minidumps are not enabled by default on client versions of Windows
#

---------------  T H R E A D  ---------------

Current thread (0x0000000058a7f800):  JavaThread "C2 CompilerThread1" daemon [_thread_in_native, id=5596, stack(0x0000000058ee0000,0x0000000058fe0000)]

Stack: [0x0000000058ee0000,0x0000000058fe0000]
[error occurred during error reporting (printing stack bounds), id 0xc0000005]

Native frames: (J=compiled Java code, j=interpreted, Vv=VM code, C=native code)


Current CompileTask:
C2:  20458 5850       4       com.sun.beans.TypeResolver::resolve (37 bytes)


---------------  P R O C E S S  ---------------

Java Threads: ( => current thread )
  0x000000005f58c800 JavaThread "DestroyJavaVM" [_thread_blocked, id=3048, stack(0x0000000002800000,0x0000000002900000)]
  0x000000005f58c000 JavaThread "http-nio-9000-AsyncTimeout" daemon [_thread_blocked, id=8256, stack(0x00000000653a0000,0x00000000654a0000)]
  0x000000005f58b000 JavaThread "http-nio-9000-Acceptor-0" daemon [_thread_in_native, id=6768, stack(0x00000000651f0000,0x00000000652f0000)]
  0x000000005f58a800 JavaThread "http-nio-9000-ClientPoller-1" daemon [_thread_in_native, id=2008, stack(0x0000000064e50000,0x0000000064f50000)]
  0x000000005dd5a800 JavaThread "http-nio-9000-ClientPoller-0" daemon [_thread_in_native, id=908, stack(0x0000000064f70000,0x0000000065070000)]
  0x000000005dd5a000 JavaThread "http-nio-9000-exec-10" daemon [_thread_blocked, id=1192, stack(0x0000000064c90000,0x0000000064d90000)]
  0x000000005dd59000 JavaThread "http-nio-9000-exec-9" daemon [_thread_blocked, id=10200, stack(0x0000000060770000,0x0000000060870000)]
  0x000000005dd58800 JavaThread "http-nio-9000-exec-8" daemon [_thread_blocked, id=6708, stack(0x0000000064b60000,0x0000000064c60000)]
  0x000000005dd57800 JavaThread "http-nio-9000-exec-7" daemon [_thread_blocked, id=4148, stack(0x00000000648d0000,0x00000000649d0000)]
  0x000000005dd57000 JavaThread "http-nio-9000-exec-6" daemon [_thread_blocked, id=556, stack(0x00000000649e0000,0x0000000064ae0000)]
  0x000000005dd56000 JavaThread "http-nio-9000-exec-5" daemon [_thread_blocked, id=5664, stack(0x0000000064650000,0x0000000064750000)]
  0x000000005dd55800 JavaThread "http-nio-9000-exec-4" daemon [_thread_blocked, id=9300, stack(0x00000000647d0000,0x00000000648d0000)]
  0x000000005dd54800 JavaThread "http-nio-9000-exec-3" daemon [_thread_blocked, id=4504, stack(0x00000000641a0000,0x00000000642a0000)]
  0x000000005dd54000 JavaThread "http-nio-9000-exec-2" daemon [_thread_blocked, id=4576, stack(0x00000000635b0000,0x00000000636b0000)]
  0x000000005dd53000 JavaThread "http-nio-9000-exec-1" daemon [_thread_blocked, id=8040, stack(0x0000000064540000,0x0000000064640000)]
  0x000000005dd52800 JavaThread "NioBlockingSelector.BlockPoller-1" daemon [_thread_in_native, id=8756, stack(0x0000000063ff0000,0x00000000640f0000)]
  0x000000005dd51800 JavaThread "HystrixMetricPoller" daemon [_thread_blocked, id=884, stack(0x0000000063460000,0x0000000063560000)]
  0x000000005dd51000 JavaThread "DiscoveryClient-InstanceInfoReplicator-0" daemon [_thread_blocked, id=516, stack(0x000000005d450000,0x000000005d550000)]
  0x000000005dd50000 JavaThread "DiscoveryClient-1" daemon [_thread_blocked, id=10228, stack(0x00000000632e0000,0x00000000633e0000)]
  0x000000005dd4f800 JavaThread "DiscoveryClient-0" daemon [_thread_blocked, id=6556, stack(0x0000000062ec0000,0x0000000062fc0000)]
  0x000000005dd4e800 JavaThread "AsyncResolver-bootstrap-0" daemon [_thread_blocked, id=10596, stack(0x0000000063130000,0x0000000063230000)]
  0x000000005dd4e000 JavaThread "Eureka-JerseyClient-Conn-Cleaner2" daemon [_thread_blocked, id=7384, stack(0x00000000613f0000,0x00000000614f0000)]
  0x000000005dd4d000 JavaThread "Eureka-JerseyClient-Conn-Cleaner2" daemon [_thread_blocked, id=2528, stack(0x0000000060f60000,0x0000000061060000)]
  0x000000005ed6f800 JavaThread "RxIoScheduler-1 (Evictor)" daemon [_thread_blocked, id=3948, stack(0x0000000060df0000,0x0000000060ef0000)]
  0x000000005a5a7800 JavaThread "SimpleHostRoutingFilter.connectionManagerTimer" daemon [_thread_blocked, id=11136, stack(0x0000000061060000,0x0000000061160000)]
  0x000000005c437000 JavaThread "commons-pool-EvictionTimer" daemon [_thread_blocked, id=8584, stack(0x000000005ebb0000,0x000000005ecb0000)]
  0x000000005a156000 JavaThread "container-0" [_thread_blocked, id=9376, stack(0x00000000609f0000,0x0000000060af0000)]
  0x000000005c321800 JavaThread "ContainerBackgroundProcessor[StandardEngine[Tomcat]]" daemon [_thread_blocked, id=6044, stack(0x0000000060870000,0x0000000060970000)]
  0x000000005ad7f000 JavaThread "spring.cloud.inetutils" daemon [_thread_blocked, id=6848, stack(0x000000005b4c0000,0x000000005b5c0000)]
  0x0000000058b13800 JavaThread "Service Thread" daemon [_thread_blocked, id=2180, stack(0x0000000059500000,0x0000000059600000)]
  0x0000000058a82800 JavaThread "C1 CompilerThread2" daemon [_thread_blocked, id=3612, stack(0x0000000059380000,0x0000000059480000)]
=>0x0000000058a7f800 JavaThread "C2 CompilerThread1" daemon [_thread_in_native, id=5596, stack(0x0000000058ee0000,0x0000000058fe0000)]
  0x000000005769f800 JavaThread "C2 CompilerThread0" daemon [_thread_in_native, id=8408, stack(0x00000000591d0000,0x00000000592d0000)]
  0x000000005769e000 JavaThread "Attach Listener" daemon [_thread_blocked, id=10216, stack(0x0000000059020000,0x0000000059120000)]
  0x0000000057694800 JavaThread "Signal Dispatcher" daemon [_thread_blocked, id=4244, stack(0x0000000058820000,0x0000000058920000)]
  0x0000000057682000 JavaThread "Finalizer" daemon [_thread_blocked, id=8156, stack(0x00000000585a0000,0x00000000586a0000)]
  0x000000005763a800 JavaThread "Reference Handler" daemon [_thread_blocked, id=4488, stack(0x0000000058950000,0x0000000058a50000)]

Other Threads:
  0x0000000057632800 VMThread [stack: 0x00000000586f0000,0x00000000587f0000] [id=7968]
  0x0000000058b2e000 WatcherThread [stack: 0x0000000059730000,0x0000000059830000] [id=10608]

VM state:not at safepoint (normal execution)

VM Mutex/Monitor currently owned by a thread: None

Heap:
 PSYoungGen      total 426496K, used 230061K [0x00000000d5800000, 0x00000000f1400000, 0x0000000100000000)
  eden space 406528K, 51% used [0x00000000d5800000,0x00000000e252bf28,0x00000000ee500000)
  from space 19968K, 99% used [0x00000000efe00000,0x00000000f117f4f0,0x00000000f1180000)
  to   space 24064K, 0% used [0x00000000ee500000,0x00000000ee500000,0x00000000efc80000)
 ParOldGen       total 89088K, used 55791K [0x0000000080800000, 0x0000000085f00000, 0x00000000d5800000)
  object space 89088K, 62% used [0x0000000080800000,0x0000000083e7bfe8,0x0000000085f00000)
 Metaspace       used 56532K, capacity 57176K, committed 57472K, reserved 1099776K
  class space    used 7111K, capacity 7286K, committed 7296K, reserved 1048576K

Card table byte_map: [0x0000000011cc0000,0x00000000120c0000] byte_map_base: 0x00000000118bc000

Marking Bits: (ParMarkBitMap*) 0x0000000063ed2d00
 Begin Bits: [0x00000000128e0000, 0x00000000148c0000)
 End Bits:   [0x00000000148c0000, 0x00000000168a0000)

Polling page: 0x0000000000230000

CodeCache: size=245760Kb used=17882Kb max_used=18299Kb free=227877Kb
 bounds [0x0000000002900000, 0x0000000003b40000, 0x0000000011900000]
 total_blobs=5634 nmethods=5103 adapters=443
 compilation: enabled

Compilation events (10 events):
Event: 20.221 Thread 0x0000000058a82800 5971       2       com.netflix.servo.monitor.MonitorConfig::hashCode (56 bytes)
Event: 20.221 Thread 0x0000000058a82800 nmethod 5971 0x0000000003379ad0 code [0x0000000003379c60, 0x0000000003379e88]
Event: 20.221 Thread 0x0000000058a82800 5972       2       com.netflix.servo.tag.BasicTagList::hashCode (8 bytes)
Event: 20.221 Thread 0x0000000058a82800 nmethod 5972 0x0000000003379710 code [0x0000000003379880, 0x0000000003379a08]
Event: 20.221 Thread 0x0000000058a82800 5973       2       com.netflix.servo.tag.SmallTagMap::hashCode (23 bytes)
Event: 20.221 Thread 0x0000000058a82800 nmethod 5973 0x0000000003379390 code [0x0000000003379500, 0x0000000003379688]
Event: 20.221 Thread 0x0000000058a82800 5974       1       org.springframework.context.event.SimpleApplicationEventMulticaster::getTaskExecutor (5 bytes)
Event: 20.221 Thread 0x0000000058a82800 nmethod 5974 0x00000000033790d0 code [0x0000000003379220, 0x0000000003379330]
Event: 20.221 Thread 0x0000000058a82800 5975       1       org.springframework.context.event.SimpleApplicationEventMulticaster::getErrorHandler (5 bytes)
Event: 20.221 Thread 0x0000000058a82800 nmethod 5975 0x0000000003378e10 code [0x0000000003378f60, 0x0000000003379070]

GC Heap History (10 events):
Event: 4.555 GC heap before
{Heap before GC invocations=10 (full 2):
 PSYoungGen      total 317952K, used 11881K [0x00000000d5800000, 0x00000000ebc00000, 0x0000000100000000)
  eden space 304128K, 0% used [0x00000000d5800000,0x00000000d5800000,0x00000000e8100000)
  from space 13824K, 85% used [0x00000000e8f80000,0x00000000e9b1a7e0,0x00000000e9d00000)
  to   space 14848K, 0% used [0x00000000e8100000,0x00000000e8100000,0x00000000e8f80000)
 ParOldGen       total 60416K, used 16662K [0x0000000080800000, 0x0000000084300000, 0x00000000d5800000)
  object space 60416K, 27% used [0x0000000080800000,0x0000000081845890,0x0000000084300000)
 Metaspace       used 34808K, capacity 35184K, committed 35456K, reserved 1081344K
  class space    used 4314K, capacity 4407K, committed 4480K, reserved 1048576K
Event: 4.635 GC heap after
Heap after GC invocations=10 (full 2):
 PSYoungGen      total 317952K, used 0K [0x00000000d5800000, 0x00000000ebc00000, 0x0000000100000000)
  eden space 304128K, 0% used [0x00000000d5800000,0x00000000d5800000,0x00000000e8100000)
  from space 13824K, 0% used [0x00000000e8f80000,0x00000000e8f80000,0x00000000e9d00000)
  to   space 14848K, 0% used [0x00000000e8100000,0x00000000e8100000,0x00000000e8f80000)
 ParOldGen       total 89088K, used 16511K [0x0000000080800000, 0x0000000085f00000, 0x00000000d5800000)
  object space 89088K, 18% used [0x0000000080800000,0x000000008181fd90,0x0000000085f00000)
 Metaspace       used 34808K, capacity 35184K, committed 35456K, reserved 1081344K
  class space    used 4314K, capacity 4407K, committed 4480K, reserved 1048576K
}
Event: 5.856 GC heap before
{Heap before GC invocations=11 (full 2):
 PSYoungGen      total 317952K, used 304128K [0x00000000d5800000, 0x00000000ebc00000, 0x0000000100000000)
  eden space 304128K, 100% used [0x00000000d5800000,0x00000000e8100000,0x00000000e8100000)
  from space 13824K, 0% used [0x00000000e8f80000,0x00000000e8f80000,0x00000000e9d00000)
  to   space 14848K, 0% used [0x00000000e8100000,0x00000000e8100000,0x00000000e8f80000)
 ParOldGen       total 89088K, used 16511K [0x0000000080800000, 0x0000000085f00000, 0x00000000d5800000)
  object space 89088K, 18% used [0x0000000080800000,0x000000008181fd90,0x0000000085f00000)
 Metaspace       used 39419K, capacity 39834K, committed 40064K, reserved 1085440K
  class space    used 4893K, capacity 4990K, committed 4992K, reserved 1048576K
Event: 5.874 GC heap after
Heap after GC invocations=11 (full 2):
 PSYoungGen      total 318976K, used 14825K [0x00000000d5800000, 0x00000000f1180000, 0x0000000100000000)
  eden space 304128K, 0% used [0x00000000d5800000,0x00000000d5800000,0x00000000e8100000)
  from space 14848K, 99% used [0x00000000e8100000,0x00000000e8f7a6a0,0x00000000e8f80000)
  to   space 19968K, 0% used [0x00000000efe00000,0x00000000efe00000,0x00000000f1180000)
 ParOldGen       total 89088K, used 24181K [0x0000000080800000, 0x0000000085f00000, 0x00000000d5800000)
  object space 89088K, 27% used [0x0000000080800000,0x0000000081f9d788,0x0000000085f00000)
 Metaspace       used 39419K, capacity 39834K, committed 40064K, reserved 1085440K
  class space    used 4893K, capacity 4990K, committed 4992K, reserved 1048576K
}
Event: 6.802 GC heap before
{Heap before GC invocations=12 (full 2):
 PSYoungGen      total 318976K, used 318953K [0x00000000d5800000, 0x00000000f1180000, 0x0000000100000000)
  eden space 304128K, 100% used [0x00000000d5800000,0x00000000e8100000,0x00000000e8100000)
  from space 14848K, 99% used [0x00000000e8100000,0x00000000e8f7a6a0,0x00000000e8f80000)
  to   space 19968K, 0% used [0x00000000efe00000,0x00000000efe00000,0x00000000f1180000)
 ParOldGen       total 89088K, used 24181K [0x0000000080800000, 0x0000000085f00000, 0x00000000d5800000)
  object space 89088K, 27% used [0x0000000080800000,0x0000000081f9d788,0x0000000085f00000)
 Metaspace       used 43174K, capacity 43684K, committed 44032K, reserved 1087488K
  class space    used 5384K, capacity 5516K, committed 5632K, reserved 1048576K
Event: 6.816 GC heap after
Heap after GC invocations=12 (full 2):
 PSYoungGen      total 426496K, used 19950K [0x00000000d5800000, 0x00000000f1400000, 0x0000000100000000)
  eden space 406528K, 0% used [0x00000000d5800000,0x00000000d5800000,0x00000000ee500000)
  from space 19968K, 99% used [0x00000000efe00000,0x00000000f117bb48,0x00000000f1180000)
  to   space 24064K, 0% used [0x00000000ee500000,0x00000000ee500000,0x00000000efc80000)
 ParOldGen       total 89088K, used 27857K [0x0000000080800000, 0x0000000085f00000, 0x00000000d5800000)
  object space 89088K, 31% used [0x0000000080800000,0x0000000082334470,0x0000000085f00000)
 Metaspace       used 43174K, capacity 43684K, committed 44032K, reserved 1087488K
  class space    used 5384K, capacity 5516K, committed 5632K, reserved 1048576K
}
Event: 7.853 GC heap before
{Heap before GC invocations=13 (full 2):
 PSYoungGen      total 426496K, used 426478K [0x00000000d5800000, 0x00000000f1400000, 0x0000000100000000)
  eden space 406528K, 100% used [0x00000000d5800000,0x00000000ee500000,0x00000000ee500000)
  from space 19968K, 99% used [0x00000000efe00000,0x00000000f117bb48,0x00000000f1180000)
  to   space 24064K, 0% used [0x00000000ee500000,0x00000000ee500000,0x00000000efc80000)
 ParOldGen       total 89088K, used 27857K [0x0000000080800000, 0x0000000085f00000, 0x00000000d5800000)
  object space 89088K, 31% used [0x0000000080800000,0x0000000082334470,0x0000000085f00000)
 Metaspace       used 46040K, capacity 46596K, committed 46976K, reserved 1089536K
  class space    used 5752K, capacity 5906K, committed 6016K, reserved 1048576K
Event: 7.887 GC heap after
Heap after GC invocations=13 (full 2):
 PSYoungGen      total 430592K, used 24051K [0x00000000d5800000, 0x00000000f1400000, 0x0000000100000000)
  eden space 406528K, 0% used [0x00000000d5800000,0x00000000d5800000,0x00000000ee500000)
  from space 24064K, 99% used [0x00000000ee500000,0x00000000efc7cc30,0x00000000efc80000)
  to   space 19968K, 0% used [0x00000000efe00000,0x00000000efe00000,0x00000000f1180000)
 ParOldGen       total 89088K, used 43210K [0x0000000080800000, 0x0000000085f00000, 0x00000000d5800000)
  object space 89088K, 48% used [0x0000000080800000,0x00000000832329d0,0x0000000085f00000)
 Metaspace       used 46040K, capacity 46596K, committed 46976K, reserved 1089536K
  class space    used 5752K, capacity 5906K, committed 6016K, reserved 1048576K
}
Event: 9.023 GC heap before
{Heap before GC invocations=14 (full 2):
 PSYoungGen      total 430592K, used 430579K [0x00000000d5800000, 0x00000000f1400000, 0x0000000100000000)
  eden space 406528K, 100% used [0x00000000d5800000,0x00000000ee500000,0x00000000ee500000)
  from space 24064K, 99% used [0x00000000ee500000,0x00000000efc7cc30,0x00000000efc80000)
  to   space 19968K, 0% used [0x00000000efe00000,0x00000000efe00000,0x00000000f1180000)
 ParOldGen       total 89088K, used 43210K [0x0000000080800000, 0x0000000085f00000, 0x00000000d5800000)
  object space 89088K, 48% used [0x0000000080800000,0x00000000832329d0,0x0000000085f00000)
 Metaspace       used 48460K, capacity 49232K, committed 49536K, reserved 1093632K
  class space    used 6060K, capacity 6244K, committed 6272K, reserved 1048576K
Event: 9.061 GC heap after
Heap after GC invocations=14 (full 2):
 PSYoungGen      total 426496K, used 19965K [0x00000000d5800000, 0x00000000f1400000, 0x0000000100000000)
  eden space 406528K, 0% used [0x00000000d5800000,0x00000000d5800000,0x00000000ee500000)
  from space 19968K, 99% used [0x00000000efe00000,0x00000000f117f4f0,0x00000000f1180000)
  to   space 24064K, 0% used [0x00000000ee500000,0x00000000ee500000,0x00000000efc80000)
 ParOldGen       total 89088K, used 55791K [0x0000000080800000, 0x0000000085f00000, 0x00000000d5800000)
  object space 89088K, 62% used [0x0000000080800000,0x0000000083e7bfe8,0x0000000085f00000)
 Metaspace       used 48460K, capacity 49232K, committed 49536K, reserved 1093632K
  class space    used 6060K, capacity 6244K, committed 6272K, reserved 1048576K
}

Deoptimization events (10 events):
Event: 20.107 Thread 0x000000005dd54800 Uncommon trap: reason=class_check action=maybe_recompile pc=0x0000000003097a7c method=sun.nio.cs.ThreadLocalCoders$1.hasName(Ljava/lang/Object;Ljava/lang/Object;)Z @ 8
Event: 20.116 Thread 0x000000005dd54000 Uncommon trap: reason=class_check action=maybe_recompile pc=0x0000000003097a7c method=sun.nio.cs.ThreadLocalCoders$1.hasName(Ljava/lang/Object;Ljava/lang/Object;)Z @ 8
Event: 20.153 Thread 0x000000005dd54800 Uncommon trap: reason=class_check action=maybe_recompile pc=0x0000000003097a5c method=sun.nio.cs.ThreadLocalCoders$1.hasName(Ljava/lang/Object;Ljava/lang/Object;)Z @ 1
Event: 20.153 Thread 0x000000005dd53000 Uncommon trap: reason=class_check action=maybe_recompile pc=0x0000000003097a5c method=sun.nio.cs.ThreadLocalCoders$1.hasName(Ljava/lang/Object;Ljava/lang/Object;)Z @ 1
Event: 20.153 Thread 0x000000005dd54000 Uncommon trap: reason=class_check action=maybe_recompile pc=0x0000000003097a5c method=sun.nio.cs.ThreadLocalCoders$1.hasName(Ljava/lang/Object;Ljava/lang/Object;)Z @ 1
Event: 20.165 Thread 0x000000005dd54800 Uncommon trap: reason=bimorphic action=maybe_recompile pc=0x00000000038c3f6c method=java.util.AbstractList$Itr.next()Ljava/lang/Object; @ 14
Event: 20.165 Thread 0x000000005dd53000 Uncommon trap: reason=bimorphic action=maybe_recompile pc=0x00000000038c3f6c method=java.util.AbstractList$Itr.next()Ljava/lang/Object; @ 14
Event: 20.166 Thread 0x000000005dd54800 Uncommon trap: reason=bimorphic action=maybe_recompile pc=0x00000000038c3f6c method=java.util.AbstractList$Itr.next()Ljava/lang/Object; @ 14
Event: 20.166 Thread 0x000000005dd53000 Uncommon trap: reason=bimorphic action=maybe_recompile pc=0x00000000038c3f6c method=java.util.AbstractList$Itr.next()Ljava/lang/Object; @ 14
Event: 20.188 Thread 0x000000005dd54000 Uncommon trap: reason=null_check action=make_not_entrant pc=0x0000000003b1fc28 method=org.springframework.core.annotation.AnnotatedElementUtils.searchWithFindSemantics(Ljava/lang/reflect/AnnotatedElement;Ljava/lang/Class;Ljava/lang/String;Ljava/lang/Class

Classes redefined (0 events):
No events

Internal exceptions (10 events):
Event: 20.126 Thread 0x000000005dd54800 Exception <a 'java/lang/ClassNotFoundException': org/springframework/web/servlet/theme/FixedThemeResolverCustomizer> (0x00000000e1916310) thrown at [C:\re\workspace\8-2-build-windows-amd64-cygwin\jdk8u181\11358\hotspot\src\share\vm\classfile\systemDiction
Event: 20.126 Thread 0x000000005dd54800 Exception <a 'java/lang/ClassNotFoundException': org/springframework/web/servlet/ThemeResolverCustomizer> (0x00000000e19423c0) thrown at [C:\re\workspace\8-2-build-windows-amd64-cygwin\jdk8u181\11358\hotspot\src\share\vm\classfile\systemDictionary.cpp, li
Event: 20.131 Thread 0x000000005dd54800 Exception <a 'java/lang/ClassNotFoundException': java/lang/ObjectCustomizer> (0x00000000e19c50a8) thrown at [C:\re\workspace\8-2-build-windows-amd64-cygwin\jdk8u181\11358\hotspot\src\share\vm\classfile\systemDictionary.cpp, line 210]
Event: 20.131 Thread 0x000000005dd54800 Exception <a 'java/lang/ClassNotFoundException': org/springframework/web/servlet/view/DefaultRequestToViewNameTranslatorCustomizer> (0x00000000e19fe250) thrown at [C:\re\workspace\8-2-build-windows-amd64-cygwin\jdk8u181\11358\hotspot\src\share\vm\classfil
Event: 20.132 Thread 0x000000005dd54800 Exception <a 'java/lang/ClassNotFoundException': org/springframework/web/servlet/RequestToViewNameTranslatorCustomizer> (0x00000000e1a3fcb0) thrown at [C:\re\workspace\8-2-build-windows-amd64-cygwin\jdk8u181\11358\hotspot\src\share\vm\classfile\systemDict
Event: 20.137 Thread 0x000000005dd54800 Exception <a 'java/lang/ClassNotFoundException': java/lang/ObjectCustomizer> (0x00000000e1bb3b50) thrown at [C:\re\workspace\8-2-build-windows-amd64-cygwin\jdk8u181\11358\hotspot\src\share\vm\classfile\systemDictionary.cpp, line 210]
Event: 20.138 Thread 0x000000005dd54800 Exception <a 'java/lang/ClassNotFoundException': org/springframework/web/servlet/support/AbstractFlashMapManagerCustomizer> (0x00000000e1be8d18) thrown at [C:\re\workspace\8-2-build-windows-amd64-cygwin\jdk8u181\11358\hotspot\src\share\vm\classfile\system
Event: 20.139 Thread 0x000000005dd54800 Exception <a 'java/lang/ClassNotFoundException': org/springframework/web/servlet/support/SessionFlashMapManagerCustomizer> (0x00000000e1c21d80) thrown at [C:\re\workspace\8-2-build-windows-amd64-cygwin\jdk8u181\11358\hotspot\src\share\vm\classfile\systemD
Event: 20.139 Thread 0x000000005dd54800 Exception <a 'java/lang/ClassNotFoundException': org/springframework/web/servlet/FlashMapManagerCustomizer> (0x00000000e1c4e278) thrown at [C:\re\workspace\8-2-build-windows-amd64-cygwin\jdk8u181\11358\hotspot\src\share\vm\classfile\systemDictionary.cpp, 
Event: 20.188 Thread 0x000000005dd54000 Implicit null exception at 0x0000000003b15536 to 0x0000000003b1fc05

Events (10 events):
Event: 20.218 loading class org/apache/tomcat/util/net/NioBlockingSelector$KeyReference
Event: 20.218 loading class org/apache/tomcat/util/net/NioBlockingSelector$KeyReference done
Event: 20.219 Executing VM operation: RevokeBias
Event: 20.219 Executing VM operation: RevokeBias done
Event: 20.219 loading class org/apache/tomcat/util/net/NioBlockingSelector$BlockPoller$3
Event: 20.219 loading class org/apache/tomcat/util/net/NioBlockingSelector$BlockPoller$3 done
Event: 20.219 Executing VM operation: RevokeBias
Event: 20.220 Executing VM operation: RevokeBias done
Event: 20.220 loading class java/util/regex/Pattern$Pos
Event: 20.220 loading class java/util/regex/Pattern$Pos done


Dynamic libraries:
0x000000013f930000 - 0x000000013f967000 	C:\Program Files\Java\jdk1.8.0_181\bin\javaw.exe
0x0000000076f30000 - 0x00000000770d9000 	C:\Windows\SYSTEM32\ntdll.dll
0x0000000076e10000 - 0x0000000076f2f000 	C:\Windows\system32\kernel32.dll
0x000007fefcf80000 - 0x000007fefcfeb000 	C:\Windows\system32\KERNELBASE.dll
0x000007fefd650000 - 0x000007fefd72b000 	C:\Windows\system32\ADVAPI32.dll
0x000007fefebc0000 - 0x000007fefec5f000 	C:\Windows\system32\msvcrt.dll
0x000007fefe950000 - 0x000007fefe96f000 	C:\Windows\SYSTEM32\sechost.dll
0x000007fefea90000 - 0x000007fefebbd000 	C:\Windows\system32\RPCRT4.dll
0x0000000076d10000 - 0x0000000076e0a000 	C:\Windows\system32\USER32.dll
0x000007fefd1c0000 - 0x000007fefd227000 	C:\Windows\system32\GDI32.dll
0x000007fefe940000 - 0x000007fefe94e000 	C:\Windows\system32\LPK.dll
0x000007fefed00000 - 0x000007fefedc9000 	C:\Windows\system32\USP10.dll
0x000007fefb590000 - 0x000007fefb784000 	C:\Windows\WinSxS\amd64_microsoft.windows.common-controls_6595b64144ccf1df_6.0.7601.17514_none_fa396087175ac9ac\COMCTL32.dll
0x000007fefd140000 - 0x000007fefd1b1000 	C:\Windows\system32\SHLWAPI.dll
0x000007fefea60000 - 0x000007fefea8e000 	C:\Windows\system32\IMM32.DLL
0x000007fefd230000 - 0x000007fefd339000 	C:\Windows\system32\MSCTF.dll
0x00000000643b0000 - 0x0000000064482000 	C:\Program Files\Java\jdk1.8.0_181\jre\bin\msvcr100.dll
0x00000000636b0000 - 0x0000000063f52000 	C:\Program Files\Java\jdk1.8.0_181\jre\bin\server\jvm.dll
0x000007fef7270000 - 0x000007fef7279000 	C:\Windows\system32\WSOCK32.dll
0x000007fefd930000 - 0x000007fefd97d000 	C:\Windows\system32\WS2_32.dll
0x000007fefe970000 - 0x000007fefe978000 	C:\Windows\system32\NSI.dll
0x000007fefa430000 - 0x000007fefa46b000 	C:\Windows\system32\WINMM.dll
0x000007fefbc20000 - 0x000007fefbc2c000 	C:\Windows\system32\VERSION.dll
0x0000000077100000 - 0x0000000077107000 	C:\Windows\system32\PSAPI.DLL
0x0000000064520000 - 0x000000006452f000 	C:\Program Files\Java\jdk1.8.0_181\jre\bin\verify.dll
0x00000000644c0000 - 0x00000000644e9000 	C:\Program Files\Java\jdk1.8.0_181\jre\bin\java.dll
0x0000000064390000 - 0x00000000643a6000 	C:\Program Files\Java\jdk1.8.0_181\jre\bin\zip.dll
0x000007fefd980000 - 0x000007fefe708000 	C:\Windows\system32\SHELL32.dll
0x000007fefd340000 - 0x000007fefd543000 	C:\Windows\system32\ole32.dll
0x000007fefcd90000 - 0x000007fefcd9f000 	C:\Windows\system32\profapi.dll
0x0000000064370000 - 0x000000006438a000 	C:\Program Files\Java\jdk1.8.0_181\jre\bin\net.dll
0x000007fefc5e0000 - 0x000007fefc635000 	C:\Windows\system32\mswsock.dll
0x000007fefc5d0000 - 0x000007fefc5d7000 	C:\Windows\System32\wship6.dll
0x000007fefa760000 - 0x000007fefa787000 	C:\Windows\system32\IPHLPAPI.DLL
0x000007fefa750000 - 0x000007fefa75b000 	C:\Windows\system32\WINNSI.DLL
0x000007fefa130000 - 0x000007fefa141000 	C:\Windows\system32\dhcpcsvc6.DLL
0x000007fefa110000 - 0x000007fefa128000 	C:\Windows\system32\dhcpcsvc.DLL
0x000007fefc460000 - 0x000007fefc4bb000 	C:\Windows\system32\DNSAPI.dll
0x000007fefbd20000 - 0x000007fefbd27000 	C:\Windows\System32\wshtcpip.dll
0x000007fef7fe0000 - 0x000007fef7fe8000 	C:\Windows\system32\rasadhlp.dll
0x000007fefa1b0000 - 0x000007fefa203000 	C:\Windows\System32\fwpuclnt.dll
0x0000000064510000 - 0x000000006451d000 	C:\Program Files\Java\jdk1.8.0_181\jre\bin\management.dll
0x000007fefab00000 - 0x000007fefab15000 	C:\Windows\system32\NLAapi.dll
0x000007fef8050000 - 0x000007fef8065000 	C:\Windows\system32\napinsp.dll
0x000007fef8030000 - 0x000007fef8049000 	C:\Windows\system32\pnrpnsp.dll
0x000007fef8990000 - 0x000007fef899b000 	C:\Windows\System32\winrnr.dll
0x0000000064350000 - 0x0000000064361000 	C:\Program Files\Java\jdk1.8.0_181\jre\bin\nio.dll
0x000007fefc640000 - 0x000007fefc657000 	C:\Windows\system32\CRYPTSP.dll
0x000007fefc340000 - 0x000007fefc387000 	C:\Windows\system32\rsaenh.dll
0x000007fefd030000 - 0x000007fefd04e000 	C:\Windows\system32\USERENV.dll
0x000007fefcc20000 - 0x000007fefcc2f000 	C:\Windows\system32\CRYPTBASE.dll
0x0000000064320000 - 0x0000000064344000 	C:\Program Files\Java\jdk1.8.0_181\jre\bin\sunec.dll

VM Arguments:
jvm_args: -Dfile.encoding=UTF-8 
java_command: com.zhushan.zuul.ZuulApp
java_class_path (initial): E:\SpringCloudProject\zhushan-shopp-parent\zhushan-shopp-gateway\target\classes;E:\maven spring security\org\springframework\cloud\spring-cloud-starter-zuul\1.3.2.RELEASE\spring-cloud-starter-zuul-1.3.2.RELEASE.jar;E:\maven spring security\org\springframework\cloud\spring-cloud-starter\1.2.3.RELEASE\spring-cloud-starter-1.2.3.RELEASE.jar;E:\maven spring security\org\springframework\cloud\spring-cloud-context\1.2.3.RELEASE\spring-cloud-context-1.2.3.RELEASE.jar;E:\maven spring security\org\springframework\security\spring-security-rsa\1.0.3.RELEASE\spring-security-rsa-1.0.3.RELEASE.jar;E:\maven spring security\org\bouncycastle\bcpkix-jdk15on\1.56\bcpkix-jdk15on-1.56.jar;E:\maven spring security\org\bouncycastle\bcprov-jdk15on\1.56\bcprov-jdk15on-1.56.jar;E:\maven spring security\org\springframework\boot\spring-boot-starter-actuator\1.5.6.RELEASE\spring-boot-starter-actuator-1.5.6.RELEASE.jar;E:\maven spring security\org\springframework\boot\spring-boot-actuator\1.5.6.RELEASE\spring-boot-actuator-1.5.6.RELEASE.jar;E:\maven spring security\org\springframework\cloud\spring-cloud-starter-hystrix\1.3.2.RELEASE\spring-cloud-starter-hystrix-1.3.2.RELEASE.jar;E:\maven spring security\com\netflix\hystrix\hystrix-core\1.5.12\hystrix-core-1.5.12.jar;E:\maven spring security\org\hdrhistogram\HdrHistogram\2.1.9\HdrHistogram-2.1.9.jar;E:\maven spring security\com\netflix\hystrix\hystrix-metrics-event-stream\1.5.12\hystrix-metrics-event-stream-1.5.12.jar;E:\maven spring security\com\netflix\hystrix\hystrix-serialization\1.5.12\hystrix-serialization-1.5.12.jar;E:\maven spring security\com\fasterxml\jackson\module\jackson-module-afterburner\2.8.9\jackson-module-afterburner-2.8.9.jar;E:\maven spring security\com\netflix\hystrix\hystrix-javanica\1.5.12\hystrix-javanica-1.5.12.jar;E:\maven spring security\org\ow2\asm\asm\5.0.4\asm-5.0.4.jar;E:\maven spring security\org\springframework\cloud\spring-cloud-starter-ribbon\1.3.2.RELEASE\spring-cloud-starter-ribbon
Launcher Type: SUN_STANDARD

Environment Variables:
PATH=C:\Program Files (x86)\Common Files\Oracle\Java\javapath;C:\Windows\system32;C:\Windows;C:\Windows\System32\Wbem;C:\Windows\System32\WindowsPowerShell\v1.0\;C:\Program Files\MySQL\MySQL Server 5.5\bin;C:\Users\Administrator\Desktop\apache-tomcat-7.0.52\lib;C:\Users\Administrator\Desktop\apache-tomcat-7.0.52\bin;RedisPath;E:\java\Git\cmd;C:\Program Files\TortoiseSVN\bin;C:\Program Files\VisualSVN Server\bin
USERNAME=Administrator
OS=Windows_NT
PROCESSOR_IDENTIFIER=Intel64 Family 6 Model 158 Stepping 11, GenuineIntel



---------------  S Y S T E M  ---------------

OS: Windows 7 , 64 bit Build 7601 (6.1.7601.18409)

CPU:total 4 (initial active 4) (4 cores per cpu, 1 threads per core) family 6 model 158 stepping 11, cmov, cx8, fxsr, mmx, sse, sse2, sse3, ssse3, sse4.1, sse4.2, popcnt, avx, avx2, aes, clmul, erms, 3dnowpref, lzcnt, tsc, tscinvbit, bmi1, bmi2, adx

Memory: 4k page, physical 8353412k(1633152k free), swap 8351548k(5116k free)

vm_info: Java HotSpot(TM) 64-Bit Server VM (25.181-b13) for windows-amd64 JRE (1.8.0_181-b13), built on Jul  7 2018 04:01:33 by "java_re" with MS VC++ 10.0 (VS2010)

time: Tue Dec 18 18:54:41 2018
elapsed time: 20 seconds (0d 0h 0m 20s)

