#
# There is insufficient memory for the Java Runtime Environment to continue.
# Native memory allocation (malloc) failed to allocate 1108032 bytes for Chunk::new
# Possible reasons:
#   The system is out of physical RAM or swap space
#   In 32 bit mode, the process size limit was hit
# Possible solutions:
#   Reduce memory load on the system
#   Increase physical memory or swap space
#   Check if swap backing store is full
#   Use 64 bit Java on a 64 bit OS
#   Decrease Java heap size (-Xmx/-Xms)
#   Decrease number of Java threads
#   Decrease Java thread stack sizes (-Xss)
#   Set larger code cache with -XX:ReservedCodeCacheSize=
# This output file may be truncated or incomplete.
#
#  Out of Memory Error (allocation.cpp:390), pid=9144, tid=0x0000000000000fb0
#
# JRE version: Java(TM) SE Runtime Environment (8.0_181-b13) (build 1.8.0_181-b13)
# Java VM: Java HotSpot(TM) 64-Bit Server VM (25.181-b13 mixed mode windows-amd64 compressed oops)
# Failed to write core dump. Minidumps are not enabled by default on client versions of Windows
#

---------------  T H R E A D  ---------------

Current thread (0x000000005886f800):  JavaThread "C2 CompilerThread1" daemon [_thread_in_native, id=4016, stack(0x0000000059350000,0x0000000059450000)]

Stack: [0x0000000059350000,0x0000000059450000]
[error occurred during error reporting (printing stack bounds), id 0xc0000005]

Native frames: (J=compiled Java code, j=interpreted, Vv=VM code, C=native code)


Current CompileTask:
C2:  25841 6008   !   4       org.springframework.core.annotation.AnnotationUtils::isInterfaceWithAnnotatedMethods (99 bytes)


---------------  P R O C E S S  ---------------

Java Threads: ( => current thread )
  0x000000005890c800 JavaThread "RxComputationScheduler-4" daemon [_thread_blocked, id=4736, stack(0x0000000067190000,0x0000000067290000)]
  0x000000005890b800 JavaThread "RxComputationScheduler-3" daemon [_thread_blocked, id=10508, stack(0x0000000066ac0000,0x0000000066bc0000)]
  0x000000005890b000 JavaThread "RxComputationScheduler-2" daemon [_thread_blocked, id=6704, stack(0x0000000066f80000,0x0000000067080000)]
  0x000000005890a000 JavaThread "HystrixTimer-1" daemon [_thread_blocked, id=4044, stack(0x000000005b300000,0x000000005b400000)]
  0x0000000058909800 JavaThread "RxComputationScheduler-1" daemon [_thread_blocked, id=4180, stack(0x0000000066d50000,0x0000000066e50000)]
  0x0000000058908800 JavaThread "RxScheduledExecutorPool-2" daemon [_thread_blocked, id=7548, stack(0x0000000066c00000,0x0000000066d00000)]
  0x000000005e642000 JavaThread "RxScheduledExecutorPool-1" daemon [_thread_blocked, id=5696, stack(0x0000000065720000,0x0000000065820000)]
  0x0000000058908000 JavaThread "DataPublisher" daemon [_thread_blocked, id=5160, stack(0x00000000667b0000,0x00000000668b0000)]
  0x000000005a2b2000 JavaThread "PollingServerListUpdater-0" daemon [_thread_blocked, id=9888, stack(0x0000000066610000,0x0000000066710000)]
  0x000000005a2b1800 JavaThread "NFLoadBalancer-PingTimer-zhushan-member" daemon [_thread_blocked, id=5812, stack(0x00000000664d0000,0x00000000665d0000)]
  0x000000005a2b0000 JavaThread "expiringMap-0" daemon [_thread_blocked, id=10332, stack(0x00000000661d0000,0x00000000662d0000)]
  0x000000005a2af000 JavaThread "DestroyJavaVM" [_thread_blocked, id=7620, stack(0x00000000026f0000,0x00000000027f0000)]
  0x000000005a2ae800 JavaThread "http-nio-9000-AsyncTimeout" daemon [_thread_blocked, id=1752, stack(0x0000000064760000,0x0000000064860000)]
  0x000000005a2ad800 JavaThread "http-nio-9000-Acceptor-0" daemon [_thread_in_native, id=10276, stack(0x0000000065dd0000,0x0000000065ed0000)]
  0x000000005a2ad000 JavaThread "http-nio-9000-ClientPoller-1" daemon [_thread_in_native, id=5712, stack(0x0000000065be0000,0x0000000065ce0000)]
  0x000000005a2ac000 JavaThread "http-nio-9000-ClientPoller-0" daemon [_thread_in_native, id=9856, stack(0x0000000065a10000,0x0000000065b10000)]
  0x000000005a2ab800 JavaThread "http-nio-9000-exec-10" daemon [_thread_blocked, id=6124, stack(0x0000000059450000,0x0000000059550000)]
  0x000000005f965000 JavaThread "http-nio-9000-exec-9" daemon [_thread_blocked, id=4116, stack(0x0000000065840000,0x0000000065940000)]
  0x000000005f964800 JavaThread "http-nio-9000-exec-8" daemon [_thread_blocked, id=3624, stack(0x0000000065610000,0x0000000065710000)]
  0x000000005f963800 JavaThread "http-nio-9000-exec-7" daemon [_thread_blocked, id=7244, stack(0x00000000653c0000,0x00000000654c0000)]
  0x000000005f963000 JavaThread "http-nio-9000-exec-6" daemon [_thread_blocked, id=7760, stack(0x0000000065500000,0x0000000065600000)]
  0x000000005f962000 JavaThread "http-nio-9000-exec-5" daemon [_thread_blocked, id=4300, stack(0x0000000065270000,0x0000000065370000)]
  0x000000005f961800 JavaThread "http-nio-9000-exec-4" daemon [_thread_blocked, id=7080, stack(0x00000000650d0000,0x00000000651d0000)]
  0x000000005f960800 JavaThread "http-nio-9000-exec-3" daemon [_thread_blocked, id=5968, stack(0x0000000062020000,0x0000000062120000)]
  0x000000005f960000 JavaThread "http-nio-9000-exec-2" daemon [_thread_blocked, id=10860, stack(0x00000000635a0000,0x00000000636a0000)]
  0x000000005f95f000 JavaThread "http-nio-9000-exec-1" daemon [_thread_in_native, id=9928, stack(0x0000000064f60000,0x0000000065060000)]
  0x000000005f95e000 JavaThread "NioBlockingSelector.BlockPoller-1" daemon [_thread_in_native, id=11112, stack(0x0000000064e40000,0x0000000064f40000)]
  0x000000005e649000 JavaThread "HystrixMetricPoller" daemon [_thread_blocked, id=6464, stack(0x00000000649a0000,0x0000000064aa0000)]
  0x000000005e648800 JavaThread "DiscoveryClient-InstanceInfoReplicator-0" daemon [_thread_blocked, id=2380, stack(0x0000000064d30000,0x0000000064e30000)]
  0x000000005e647800 JavaThread "DiscoveryClient-1" daemon [_thread_blocked, id=6988, stack(0x0000000058e50000,0x0000000058f50000)]
  0x000000005e647000 JavaThread "DiscoveryClient-0" daemon [_thread_blocked, id=6600, stack(0x0000000064b90000,0x0000000064c90000)]
  0x000000005e646000 JavaThread "AsyncResolver-bootstrap-0" daemon [_thread_blocked, id=1516, stack(0x00000000641c0000,0x00000000642c0000)]
  0x000000005e645800 JavaThread "Eureka-JerseyClient-Conn-Cleaner2" daemon [_thread_blocked, id=5408, stack(0x000000005b7b0000,0x000000005b8b0000)]
  0x000000005e644800 JavaThread "Eureka-JerseyClient-Conn-Cleaner2" daemon [_thread_blocked, id=7416, stack(0x0000000060710000,0x0000000060810000)]
  0x000000005aaa8800 JavaThread "RxIoScheduler-1 (Evictor)" daemon [_thread_blocked, id=5724, stack(0x000000005e7f0000,0x000000005e8f0000)]
  0x000000005dec9800 JavaThread "SimpleHostRoutingFilter.connectionManagerTimer" daemon [_thread_blocked, id=876, stack(0x00000000605f0000,0x00000000606f0000)]
  0x000000005df66000 JavaThread "commons-pool-EvictionTimer" daemon [_thread_blocked, id=7304, stack(0x0000000060ce0000,0x0000000060de0000)]
  0x000000005aab0000 JavaThread "container-0" [_thread_blocked, id=7856, stack(0x00000000609d0000,0x0000000060ad0000)]
  0x000000005a3f5000 JavaThread "ContainerBackgroundProcessor[StandardEngine[Tomcat]]" daemon [_thread_blocked, id=5208, stack(0x0000000060880000,0x0000000060980000)]
  0x000000005a028000 JavaThread "spring.cloud.inetutils" daemon [_thread_blocked, id=8212, stack(0x00000000602d0000,0x00000000603d0000)]
  0x00000000588f4800 JavaThread "Service Thread" daemon [_thread_blocked, id=3920, stack(0x0000000059710000,0x0000000059810000)]
  0x0000000058873000 JavaThread "C1 CompilerThread2" daemon [_thread_blocked, id=1012, stack(0x0000000059560000,0x0000000059660000)]
=>0x000000005886f800 JavaThread "C2 CompilerThread1" daemon [_thread_in_native, id=4016, stack(0x0000000059350000,0x0000000059450000)]
  0x0000000058852000 JavaThread "C2 CompilerThread0" daemon [_thread_in_native, id=4312, stack(0x00000000591c0000,0x00000000592c0000)]
  0x000000005884e800 JavaThread "Attach Listener" daemon [_thread_blocked, id=1308, stack(0x0000000058f50000,0x0000000059050000)]
  0x00000000575ff000 JavaThread "Signal Dispatcher" daemon [_thread_blocked, id=10036, stack(0x0000000058d40000,0x0000000058e40000)]
  0x00000000575e2000 JavaThread "Finalizer" daemon [_thread_blocked, id=7656, stack(0x00000000585e0000,0x00000000586e0000)]
  0x000000005759a800 JavaThread "Reference Handler" daemon [_thread_blocked, id=3620, stack(0x0000000058740000,0x0000000058840000)]

Other Threads:
  0x0000000057592800 VMThread [stack: 0x00000000584e0000,0x00000000585e0000] [id=10636]
  0x000000005891f800 WatcherThread [stack: 0x00000000598c0000,0x00000000599c0000] [id=8512]

VM state:not at safepoint (normal execution)

VM Mutex/Monitor currently owned by a thread: None

Heap:
 PSYoungGen      total 501760K, used 41520K [0x00000000d5800000, 0x00000000fe480000, 0x0000000100000000)
  eden space 472576K, 8% used [0x00000000d5800000,0x00000000d808c028,0x00000000f2580000)
  from space 29184K, 0% used [0x00000000f2580000,0x00000000f2580000,0x00000000f4200000)
  to   space 31744K, 0% used [0x00000000fc580000,0x00000000fc580000,0x00000000fe480000)
 ParOldGen       total 154112K, used 48263K [0x0000000080800000, 0x0000000089e80000, 0x00000000d5800000)
  object space 154112K, 31% used [0x0000000080800000,0x0000000083721e10,0x0000000089e80000)
 Metaspace       used 60341K, capacity 61098K, committed 61440K, reserved 1103872K
  class space    used 7676K, capacity 7865K, committed 7936K, reserved 1048576K

Card table byte_map: [0x0000000011bb0000,0x0000000011fb0000] byte_map_base: 0x00000000117ac000

Marking Bits: (ParMarkBitMap*) 0x0000000063ed2d00
 Begin Bits: [0x0000000012840000, 0x0000000014820000)
 End Bits:   [0x0000000014820000, 0x0000000016800000)

Polling page: 0x0000000000320000

CodeCache: size=245760Kb used=18050Kb max_used=18993Kb free=227709Kb
 bounds [0x00000000027f0000, 0x0000000003ab0000, 0x00000000117f0000]
 total_blobs=5647 nmethods=5092 adapters=467
 compilation: enabled

Compilation events (10 events):
Event: 25.435 Thread 0x0000000058873000 6075       2       com.fasterxml.jackson.databind.type.TypeFactory::_findWellKnownSimple (64 bytes)
Event: 25.435 Thread 0x0000000058873000 nmethod 6075 0x00000000033f5310 code [0x00000000033f54a0, 0x00000000033f5708]
Event: 25.437 Thread 0x0000000058873000 6076       2       java.util.regex.Pattern::compile (10 bytes)
Event: 25.437 Thread 0x0000000058873000 nmethod 6076 0x00000000033f4f10 code [0x00000000033f5080, 0x00000000033f5248]
Event: 25.437 Thread 0x0000000058873000 6077       2       com.netflix.servo.monitor.MonitorConfig$Builder::withTags (44 bytes)
Event: 25.438 Thread 0x0000000058873000 nmethod 6077 0x0000000003033490 code [0x0000000003033620, 0x00000000030338d8]
Event: 25.438 Thread 0x0000000058873000 6078       2       com.netflix.servo.monitor.AbstractMonitor::<init> (18 bytes)
Event: 25.438 Thread 0x0000000058873000 nmethod 6078 0x000000000347d9d0 code [0x000000000347dba0, 0x000000000347e158]
Event: 25.439 Thread 0x0000000058873000 6079       2       com.netflix.servo.monitor.MonitorConfig$Builder::withTag (11 bytes)
Event: 25.439 Thread 0x0000000058873000 nmethod 6079 0x00000000030330d0 code [0x0000000003033240, 0x00000000030333c8]

GC Heap History (10 events):
Event: 5.796 GC heap before
{Heap before GC invocations=12 (full 2):
 PSYoungGen      total 294400K, used 294374K [0x00000000d5800000, 0x00000000ee300000, 0x0000000100000000)
  eden space 279552K, 100% used [0x00000000d5800000,0x00000000e6900000,0x00000000e6900000)
  from space 14848K, 99% used [0x00000000e6900000,0x00000000e7779858,0x00000000e7780000)
  to   space 19456K, 0% used [0x00000000ed000000,0x00000000ed000000,0x00000000ee300000)
 ParOldGen       total 97792K, used 23656K [0x0000000080800000, 0x0000000086780000, 0x00000000d5800000)
  object space 97792K, 24% used [0x0000000080800000,0x0000000081f1a1b8,0x0000000086780000)
 Metaspace       used 43076K, capacity 43614K, committed 44032K, reserved 1087488K
  class space    used 5371K, capacity 5515K, committed 5632K, reserved 1048576K
Event: 5.814 GC heap after
Heap after GC invocations=12 (full 2):
 PSYoungGen      total 381440K, used 19451K [0x00000000d5800000, 0x00000000ee800000, 0x0000000100000000)
  eden space 361984K, 0% used [0x00000000d5800000,0x00000000d5800000,0x00000000eb980000)
  from space 19456K, 99% used [0x00000000ed000000,0x00000000ee2feca8,0x00000000ee300000)
  to   space 23040K, 0% used [0x00000000eb980000,0x00000000eb980000,0x00000000ed000000)
 ParOldGen       total 97792K, used 25982K [0x0000000080800000, 0x0000000086780000, 0x00000000d5800000)
  object space 97792K, 26% used [0x0000000080800000,0x000000008215fb08,0x0000000086780000)
 Metaspace       used 43076K, capacity 43614K, committed 44032K, reserved 1087488K
  class space    used 5371K, capacity 5515K, committed 5632K, reserved 1048576K
}
Event: 6.739 GC heap before
{Heap before GC invocations=13 (full 2):
 PSYoungGen      total 381440K, used 381435K [0x00000000d5800000, 0x00000000ee800000, 0x0000000100000000)
  eden space 361984K, 100% used [0x00000000d5800000,0x00000000eb980000,0x00000000eb980000)
  from space 19456K, 99% used [0x00000000ed000000,0x00000000ee2feca8,0x00000000ee300000)
  to   space 23040K, 0% used [0x00000000eb980000,0x00000000eb980000,0x00000000ed000000)
 ParOldGen       total 97792K, used 25982K [0x0000000080800000, 0x0000000086780000, 0x00000000d5800000)
  object space 97792K, 26% used [0x0000000080800000,0x000000008215fb08,0x0000000086780000)
 Metaspace       used 45332K, capacity 45850K, committed 46336K, reserved 1089536K
  class space    used 5659K, capacity 5809K, committed 5888K, reserved 1048576K
Event: 6.772 GC heap after
Heap after GC invocations=13 (full 2):
 PSYoungGen      total 385024K, used 21679K [0x00000000d5800000, 0x00000000f5b00000, 0x0000000100000000)
  eden space 361984K, 0% used [0x00000000d5800000,0x00000000d5800000,0x00000000eb980000)
  from space 23040K, 94% used [0x00000000eb980000,0x00000000eceabd98,0x00000000ed000000)
  to   space 25600K, 0% used [0x00000000f4200000,0x00000000f4200000,0x00000000f5b00000)
 ParOldGen       total 97792K, used 38953K [0x0000000080800000, 0x0000000086780000, 0x00000000d5800000)
  object space 97792K, 39% used [0x0000000080800000,0x0000000082e0a6d8,0x0000000086780000)
 Metaspace       used 45332K, capacity 45850K, committed 46336K, reserved 1089536K
  class space    used 5659K, capacity 5809K, committed 5888K, reserved 1048576K
}
Event: 7.741 GC heap before
{Heap before GC invocations=14 (full 2):
 PSYoungGen      total 385024K, used 383663K [0x00000000d5800000, 0x00000000f5b00000, 0x0000000100000000)
  eden space 361984K, 100% used [0x00000000d5800000,0x00000000eb980000,0x00000000eb980000)
  from space 23040K, 94% used [0x00000000eb980000,0x00000000eceabd98,0x00000000ed000000)
  to   space 25600K, 0% used [0x00000000f4200000,0x00000000f4200000,0x00000000f5b00000)
 ParOldGen       total 97792K, used 38953K [0x0000000080800000, 0x0000000086780000, 0x00000000d5800000)
  object space 97792K, 39% used [0x0000000080800000,0x0000000082e0a6d8,0x0000000086780000)
 Metaspace       used 47768K, capacity 48424K, committed 48768K, reserved 1091584K
  class space    used 5986K, capacity 6152K, committed 6272K, reserved 1048576K
Event: 7.773 GC heap after
Heap after GC invocations=14 (full 2):
 PSYoungGen      total 498176K, used 25431K [0x00000000d5800000, 0x00000000f6400000, 0x0000000100000000)
  eden space 472576K, 0% used [0x00000000d5800000,0x00000000d5800000,0x00000000f2580000)
  from space 25600K, 99% used [0x00000000f4200000,0x00000000f5ad5eb0,0x00000000f5b00000)
  to   space 29184K, 0% used [0x00000000f2580000,0x00000000f2580000,0x00000000f4200000)
 ParOldGen       total 97792K, used 43770K [0x0000000080800000, 0x0000000086780000, 0x00000000d5800000)
  object space 97792K, 44% used [0x0000000080800000,0x00000000832be990,0x0000000086780000)
 Metaspace       used 47768K, capacity 48424K, committed 48768K, reserved 1091584K
  class space    used 5986K, capacity 6152K, committed 6272K, reserved 1048576K
}
Event: 24.561 GC heap before
{Heap before GC invocations=15 (full 2):
 PSYoungGen      total 498176K, used 429747K [0x00000000d5800000, 0x00000000f6400000, 0x0000000100000000)
  eden space 472576K, 85% used [0x00000000d5800000,0x00000000ee2d7108,0x00000000f2580000)
  from space 25600K, 99% used [0x00000000f4200000,0x00000000f5ad5eb0,0x00000000f5b00000)
  to   space 29184K, 0% used [0x00000000f2580000,0x00000000f2580000,0x00000000f4200000)
 ParOldGen       total 97792K, used 43770K [0x0000000080800000, 0x0000000086780000, 0x00000000d5800000)
  object space 97792K, 44% used [0x0000000080800000,0x00000000832be990,0x0000000086780000)
 Metaspace       used 58224K, capacity 58884K, committed 59096K, reserved 1101824K
  class space    used 7334K, capacity 7512K, committed 7552K, reserved 1048576K
Event: 24.580 GC heap after
Heap after GC invocations=15 (full 2):
 PSYoungGen      total 501760K, used 23293K [0x00000000d5800000, 0x00000000fe480000, 0x0000000100000000)
  eden space 472576K, 0% used [0x00000000d5800000,0x00000000d5800000,0x00000000f2580000)
  from space 29184K, 79% used [0x00000000f2580000,0x00000000f3c3f460,0x00000000f4200000)
  to   space 31744K, 0% used [0x00000000fc580000,0x00000000fc580000,0x00000000fe480000)
 ParOldGen       total 97792K, used 47150K [0x0000000080800000, 0x0000000086780000, 0x00000000d5800000)
  object space 97792K, 48% used [0x0000000080800000,0x000000008360b9a0,0x0000000086780000)
 Metaspace       used 58224K, capacity 58884K, committed 59096K, reserved 1101824K
  class space    used 7334K, capacity 7512K, committed 7552K, reserved 1048576K
}
Event: 24.580 GC heap before
{Heap before GC invocations=16 (full 3):
 PSYoungGen      total 501760K, used 23293K [0x00000000d5800000, 0x00000000fe480000, 0x0000000100000000)
  eden space 472576K, 0% used [0x00000000d5800000,0x00000000d5800000,0x00000000f2580000)
  from space 29184K, 79% used [0x00000000f2580000,0x00000000f3c3f460,0x00000000f4200000)
  to   space 31744K, 0% used [0x00000000fc580000,0x00000000fc580000,0x00000000fe480000)
 ParOldGen       total 97792K, used 47150K [0x0000000080800000, 0x0000000086780000, 0x00000000d5800000)
  object space 97792K, 48% used [0x0000000080800000,0x000000008360b9a0,0x0000000086780000)
 Metaspace       used 58224K, capacity 58884K, committed 59096K, reserved 1101824K
  class space    used 7334K, capacity 7512K, committed 7552K, reserved 1048576K
Event: 24.708 GC heap after
Heap after GC invocations=16 (full 3):
 PSYoungGen      total 501760K, used 0K [0x00000000d5800000, 0x00000000fe480000, 0x0000000100000000)
  eden space 472576K, 0% used [0x00000000d5800000,0x00000000d5800000,0x00000000f2580000)
  from space 29184K, 0% used [0x00000000f2580000,0x00000000f2580000,0x00000000f4200000)
  to   space 31744K, 0% used [0x00000000fc580000,0x00000000fc580000,0x00000000fe480000)
 ParOldGen       total 154112K, used 48263K [0x0000000080800000, 0x0000000089e80000, 0x00000000d5800000)
  object space 154112K, 31% used [0x0000000080800000,0x0000000083721e10,0x0000000089e80000)
 Metaspace       used 58224K, capacity 58884K, committed 59096K, reserved 1101824K
  class space    used 7334K, capacity 7512K, committed 7552K, reserved 1048576K
}

Deoptimization events (10 events):
Event: 9.098 Thread 0x000000000248e800 Uncommon trap: reason=bimorphic action=maybe_recompile pc=0x0000000002dccab4 method=java.util.Hashtable.get(Ljava/lang/Object;)Ljava/lang/Object; @ 6
Event: 9.099 Thread 0x000000000248e800 Uncommon trap: reason=bimorphic action=maybe_recompile pc=0x0000000002dccab4 method=java.util.Hashtable.get(Ljava/lang/Object;)Ljava/lang/Object; @ 6
Event: 24.220 Thread 0x000000005f95f000 Uncommon trap: reason=class_check action=maybe_recompile pc=0x00000000036dfa9c method=sun.nio.cs.ThreadLocalCoders$1.hasName(Ljava/lang/Object;Ljava/lang/Object;)Z @ 1
Event: 24.227 Thread 0x000000005f95f000 Uncommon trap: reason=class_check action=maybe_recompile pc=0x00000000036dfabc method=sun.nio.cs.ThreadLocalCoders$1.hasName(Ljava/lang/Object;Ljava/lang/Object;)Z @ 8
Event: 24.270 Thread 0x000000005f95f000 Uncommon trap: reason=class_check action=maybe_recompile pc=0x00000000036dfa9c method=sun.nio.cs.ThreadLocalCoders$1.hasName(Ljava/lang/Object;Ljava/lang/Object;)Z @ 1
Event: 24.270 Thread 0x000000005f95f000 Uncommon trap: reason=class_check action=maybe_recompile pc=0x00000000036dfa9c method=sun.nio.cs.ThreadLocalCoders$1.hasName(Ljava/lang/Object;Ljava/lang/Object;)Z @ 1
Event: 24.367 Thread 0x000000005f95f000 Uncommon trap: reason=null_check action=make_not_entrant pc=0x0000000003a73c70 method=org.springframework.core.annotation.AnnotatedElementUtils.searchWithFindSemantics(Ljava/lang/reflect/AnnotatedElement;Ljava/lang/Class;Ljava/lang/String;Ljava/lang/Class
Event: 24.420 Thread 0x000000005f95f000 Uncommon trap: reason=unstable_if action=reinterpret pc=0x0000000003768e7c method=org.springframework.beans.factory.support.AbstractBeanFactory.isTypeMatch(Ljava/lang/String;Lorg/springframework/core/ResolvableType;)Z @ 206
Event: 24.456 Thread 0x000000005f95f000 Uncommon trap: reason=unstable_if action=reinterpret pc=0x0000000002f5420c method=java.util.LinkedHashMap.afterNodeInsertion(Z)V @ 18
Event: 24.708 Thread 0x000000005759a800 Uncommon trap: reason=unstable_if action=reinterpret pc=0x0000000003137830 method=java.lang.ref.Reference.tryHandlePending(Z)Z @ 20

Classes redefined (0 events):
No events

Internal exceptions (10 events):
Event: 24.776 Thread 0x000000005f95f000 Exception <a 'java/lang/ClassNotFoundException': org/springframework/cloud/netflix/ribbon/support/AbstractLoadBalancingClientCustomizer> (0x00000000d606da50) thrown at [C:\re\workspace\8-2-build-windows-amd64-cygwin\jdk8u181\11358\hotspot\src\share\vm\cla
Event: 24.776 Thread 0x000000005f95f000 Exception <a 'java/lang/ClassNotFoundException': org/springframework/cloud/netflix/ribbon/apache/RibbonLoadBalancingHttpClientCustomizer> (0x00000000d60b0fc8) thrown at [C:\re\workspace\8-2-build-windows-amd64-cygwin\jdk8u181\11358\hotspot\src\share\vm\cl
Event: 24.777 Thread 0x000000005f95f000 Exception <a 'java/lang/ClassNotFoundException': com/netflix/client/IClientCustomizer> (0x00000000d60e2de0) thrown at [C:\re\workspace\8-2-build-windows-amd64-cygwin\jdk8u181\11358\hotspot\src\share\vm\classfile\systemDictionary.cpp, line 210]
Event: 24.778 Thread 0x000000005f95f000 Exception <a 'java/lang/ClassNotFoundException': com/netflix/client/IClientConfigAwareCustomizer> (0x00000000d6114408) thrown at [C:\re\workspace\8-2-build-windows-amd64-cygwin\jdk8u181\11358\hotspot\src\share\vm\classfile\systemDictionary.cpp, line 210]
Event: 24.778 Thread 0x000000005f95f000 Exception <a 'java/lang/ClassNotFoundException': com/netflix/client/IClientConfigAwareCustomizer> (0x00000000d613a8d8) thrown at [C:\re\workspace\8-2-build-windows-amd64-cygwin\jdk8u181\11358\hotspot\src\share\vm\classfile\systemDictionary.cpp, line 210]
Event: 24.779 Thread 0x000000005f95f000 Exception <a 'java/lang/ClassNotFoundException': java/lang/ObjectCustomizer> (0x00000000d615e918) thrown at [C:\re\workspace\8-2-build-windows-amd64-cygwin\jdk8u181\11358\hotspot\src\share\vm\classfile\systemDictionary.cpp, line 210]
Event: 24.780 Thread 0x000000005f95f000 Exception <a 'java/lang/ClassNotFoundException': com/netflix/loadbalancer/LoadBalancerContextCustomizer> (0x00000000d618b630) thrown at [C:\re\workspace\8-2-build-windows-amd64-cygwin\jdk8u181\11358\hotspot\src\share\vm\classfile\systemDictionary.cpp, lin
Event: 24.780 Thread 0x000000005f95f000 Exception <a 'java/lang/ClassNotFoundException': org/springframework/cloud/netflix/ribbon/RibbonLoadBalancerContextCustomizer> (0x00000000d61d1d60) thrown at [C:\re\workspace\8-2-build-windows-amd64-cygwin\jdk8u181\11358\hotspot\src\share\vm\classfile\sys
Event: 24.781 Thread 0x000000005f95f000 Exception <a 'java/lang/ClassNotFoundException': com/netflix/client/IClientConfigAwareCustomizer> (0x00000000d6203180) thrown at [C:\re\workspace\8-2-build-windows-amd64-cygwin\jdk8u181\11358\hotspot\src\share\vm\classfile\systemDictionary.cpp, line 210]
Event: 24.803 Thread 0x000000005f95f000 Exception <a 'java/lang/reflect/InvocationTargetException'> (0x00000000d6585498) thrown at [C:\re\workspace\8-2-build-windows-amd64-cygwin\jdk8u181\11358\hotspot\src\share\vm\runtime\reflection.cpp, line 1092]

Events (10 events):
Event: 25.434 Executing VM operation: RevokeBias
Event: 25.434 Executing VM operation: RevokeBias done
Event: 25.434 Executing VM operation: RevokeBias
Event: 25.434 Executing VM operation: RevokeBias done
Event: 25.434 Executing VM operation: RevokeBias
Event: 25.434 Executing VM operation: RevokeBias done
Event: 25.436 loading class com/netflix/servo/monitor/DoubleGauge
Event: 25.436 loading class com/netflix/servo/monitor/DoubleGauge done
Event: 25.436 loading class com/google/common/util/concurrent/AtomicDouble
Event: 25.436 loading class com/google/common/util/concurrent/AtomicDouble done


Dynamic libraries:
0x000000013f930000 - 0x000000013f967000 	C:\Program Files\Java\jdk1.8.0_181\bin\javaw.exe
0x0000000076f30000 - 0x00000000770d9000 	C:\Windows\SYSTEM32\ntdll.dll
0x0000000076e10000 - 0x0000000076f2f000 	C:\Windows\system32\kernel32.dll
0x000007fefcf80000 - 0x000007fefcfeb000 	C:\Windows\system32\KERNELBASE.dll
0x000007fefd650000 - 0x000007fefd72b000 	C:\Windows\system32\ADVAPI32.dll
0x000007fefebc0000 - 0x000007fefec5f000 	C:\Windows\system32\msvcrt.dll
0x000007fefe950000 - 0x000007fefe96f000 	C:\Windows\SYSTEM32\sechost.dll
0x000007fefea90000 - 0x000007fefebbd000 	C:\Windows\system32\RPCRT4.dll
0x0000000076d10000 - 0x0000000076e0a000 	C:\Windows\system32\USER32.dll
0x000007fefd1c0000 - 0x000007fefd227000 	C:\Windows\system32\GDI32.dll
0x000007fefe940000 - 0x000007fefe94e000 	C:\Windows\system32\LPK.dll
0x000007fefed00000 - 0x000007fefedc9000 	C:\Windows\system32\USP10.dll
0x000007fefb590000 - 0x000007fefb784000 	C:\Windows\WinSxS\amd64_microsoft.windows.common-controls_6595b64144ccf1df_6.0.7601.17514_none_fa396087175ac9ac\COMCTL32.dll
0x000007fefd140000 - 0x000007fefd1b1000 	C:\Windows\system32\SHLWAPI.dll
0x000007fefea60000 - 0x000007fefea8e000 	C:\Windows\system32\IMM32.DLL
0x000007fefd230000 - 0x000007fefd339000 	C:\Windows\system32\MSCTF.dll
0x00000000643b0000 - 0x0000000064482000 	C:\Program Files\Java\jdk1.8.0_181\jre\bin\msvcr100.dll
0x00000000636b0000 - 0x0000000063f52000 	C:\Program Files\Java\jdk1.8.0_181\jre\bin\server\jvm.dll
0x000007fef7270000 - 0x000007fef7279000 	C:\Windows\system32\WSOCK32.dll
0x000007fefd930000 - 0x000007fefd97d000 	C:\Windows\system32\WS2_32.dll
0x000007fefe970000 - 0x000007fefe978000 	C:\Windows\system32\NSI.dll
0x000007fefa430000 - 0x000007fefa46b000 	C:\Windows\system32\WINMM.dll
0x000007fefbc20000 - 0x000007fefbc2c000 	C:\Windows\system32\VERSION.dll
0x0000000077100000 - 0x0000000077107000 	C:\Windows\system32\PSAPI.DLL
0x0000000064520000 - 0x000000006452f000 	C:\Program Files\Java\jdk1.8.0_181\jre\bin\verify.dll
0x00000000644c0000 - 0x00000000644e9000 	C:\Program Files\Java\jdk1.8.0_181\jre\bin\java.dll
0x0000000064390000 - 0x00000000643a6000 	C:\Program Files\Java\jdk1.8.0_181\jre\bin\zip.dll
0x000007fefd980000 - 0x000007fefe708000 	C:\Windows\system32\SHELL32.dll
0x000007fefd340000 - 0x000007fefd543000 	C:\Windows\system32\ole32.dll
0x000007fefcd90000 - 0x000007fefcd9f000 	C:\Windows\system32\profapi.dll
0x0000000064370000 - 0x000000006438a000 	C:\Program Files\Java\jdk1.8.0_181\jre\bin\net.dll
0x000007fefc5e0000 - 0x000007fefc635000 	C:\Windows\system32\mswsock.dll
0x000007fefc5d0000 - 0x000007fefc5d7000 	C:\Windows\System32\wship6.dll
0x000007fefa760000 - 0x000007fefa787000 	C:\Windows\system32\IPHLPAPI.DLL
0x000007fefa750000 - 0x000007fefa75b000 	C:\Windows\system32\WINNSI.DLL
0x000007fefa130000 - 0x000007fefa141000 	C:\Windows\system32\dhcpcsvc6.DLL
0x000007fefa110000 - 0x000007fefa128000 	C:\Windows\system32\dhcpcsvc.DLL
0x000007fefc460000 - 0x000007fefc4bb000 	C:\Windows\system32\DNSAPI.dll
0x000007fefbd20000 - 0x000007fefbd27000 	C:\Windows\System32\wshtcpip.dll
0x000007fef7fe0000 - 0x000007fef7fe8000 	C:\Windows\system32\rasadhlp.dll
0x000007fefa1b0000 - 0x000007fefa203000 	C:\Windows\System32\fwpuclnt.dll
0x0000000064510000 - 0x000000006451d000 	C:\Program Files\Java\jdk1.8.0_181\jre\bin\management.dll
0x000007fefab00000 - 0x000007fefab15000 	C:\Windows\system32\NLAapi.dll
0x000007fef8050000 - 0x000007fef8065000 	C:\Windows\system32\napinsp.dll
0x000007fef8030000 - 0x000007fef8049000 	C:\Windows\system32\pnrpnsp.dll
0x000007fef8990000 - 0x000007fef899b000 	C:\Windows\System32\winrnr.dll
0x0000000064350000 - 0x0000000064361000 	C:\Program Files\Java\jdk1.8.0_181\jre\bin\nio.dll
0x000007fefc640000 - 0x000007fefc657000 	C:\Windows\system32\CRYPTSP.dll
0x000007fefc340000 - 0x000007fefc387000 	C:\Windows\system32\rsaenh.dll
0x000007fefd030000 - 0x000007fefd04e000 	C:\Windows\system32\USERENV.dll
0x000007fefcc20000 - 0x000007fefcc2f000 	C:\Windows\system32\CRYPTBASE.dll
0x0000000064320000 - 0x0000000064344000 	C:\Program Files\Java\jdk1.8.0_181\jre\bin\sunec.dll

VM Arguments:
jvm_args: -Dfile.encoding=UTF-8 
java_command: com.zhushan.zuul.ZuulApp
java_class_path (initial): E:\SpringCloudProject\zhushan-shopp-parent\zhushan-shopp-gateway\target\classes;E:\maven spring security\org\springframework\cloud\spring-cloud-starter-zuul\1.3.2.RELEASE\spring-cloud-starter-zuul-1.3.2.RELEASE.jar;E:\maven spring security\org\springframework\cloud\spring-cloud-starter\1.2.3.RELEASE\spring-cloud-starter-1.2.3.RELEASE.jar;E:\maven spring security\org\springframework\cloud\spring-cloud-context\1.2.3.RELEASE\spring-cloud-context-1.2.3.RELEASE.jar;E:\maven spring security\org\springframework\security\spring-security-rsa\1.0.3.RELEASE\spring-security-rsa-1.0.3.RELEASE.jar;E:\maven spring security\org\bouncycastle\bcpkix-jdk15on\1.56\bcpkix-jdk15on-1.56.jar;E:\maven spring security\org\bouncycastle\bcprov-jdk15on\1.56\bcprov-jdk15on-1.56.jar;E:\maven spring security\org\springframework\boot\spring-boot-starter-actuator\1.5.6.RELEASE\spring-boot-starter-actuator-1.5.6.RELEASE.jar;E:\maven spring security\org\springframework\boot\spring-boot-actuator\1.5.6.RELEASE\spring-boot-actuator-1.5.6.RELEASE.jar;E:\maven spring security\org\springframework\cloud\spring-cloud-starter-hystrix\1.3.2.RELEASE\spring-cloud-starter-hystrix-1.3.2.RELEASE.jar;E:\maven spring security\com\netflix\hystrix\hystrix-core\1.5.12\hystrix-core-1.5.12.jar;E:\maven spring security\org\hdrhistogram\HdrHistogram\2.1.9\HdrHistogram-2.1.9.jar;E:\maven spring security\com\netflix\hystrix\hystrix-metrics-event-stream\1.5.12\hystrix-metrics-event-stream-1.5.12.jar;E:\maven spring security\com\netflix\hystrix\hystrix-serialization\1.5.12\hystrix-serialization-1.5.12.jar;E:\maven spring security\com\fasterxml\jackson\module\jackson-module-afterburner\2.8.9\jackson-module-afterburner-2.8.9.jar;E:\maven spring security\com\netflix\hystrix\hystrix-javanica\1.5.12\hystrix-javanica-1.5.12.jar;E:\maven spring security\org\ow2\asm\asm\5.0.4\asm-5.0.4.jar;E:\maven spring security\org\springframework\cloud\spring-cloud-starter-ribbon\1.3.2.RELEASE\spring-cloud-starter-ribbon
Launcher Type: SUN_STANDARD

Environment Variables:
PATH=C:\Program Files (x86)\Common Files\Oracle\Java\javapath;C:\Windows\system32;C:\Windows;C:\Windows\System32\Wbem;C:\Windows\System32\WindowsPowerShell\v1.0\;C:\Program Files\MySQL\MySQL Server 5.5\bin;C:\Users\Administrator\Desktop\apache-tomcat-7.0.52\lib;C:\Users\Administrator\Desktop\apache-tomcat-7.0.52\bin;RedisPath;E:\java\Git\cmd;C:\Program Files\TortoiseSVN\bin;C:\Program Files\VisualSVN Server\bin
USERNAME=Administrator
OS=Windows_NT
PROCESSOR_IDENTIFIER=Intel64 Family 6 Model 158 Stepping 11, GenuineIntel



---------------  S Y S T E M  ---------------

OS: Windows 7 , 64 bit Build 7601 (6.1.7601.18409)

CPU:total 4 (initial active 4) (4 cores per cpu, 1 threads per core) family 6 model 158 stepping 11, cmov, cx8, fxsr, mmx, sse, sse2, sse3, ssse3, sse4.1, sse4.2, popcnt, avx, avx2, aes, clmul, erms, 3dnowpref, lzcnt, tsc, tscinvbit, bmi1, bmi2, adx

Memory: 4k page, physical 8353412k(2270568k free), swap 8351548k(5352k free)

vm_info: Java HotSpot(TM) 64-Bit Server VM (25.181-b13) for windows-amd64 JRE (1.8.0_181-b13), built on Jul  7 2018 04:01:33 by "java_re" with MS VC++ 10.0 (VS2010)

time: Tue Dec 18 19:05:14 2018
elapsed time: 25 seconds (0d 0h 0m 25s)

