JvmtiExport can_access_local_variables 0
JvmtiExport can_hotswap_or_post_breakpoint 0
JvmtiExport can_post_on_exceptions 0
# 357 ciObject found
instanceKlass org/apache/tomcat/util/net/NioBlockingSelector$BlockPoller$3
instanceKlass org/apache/tomcat/util/net/NioBlockingSelector$KeyReference
instanceKlass org/apache/tomcat/util/http/FastHttpDateFormat
instanceKlass com/fasterxml/jackson/databind/ser/impl/PropertySerializerMap$TypeAndSerializer
instanceKlass org/springframework/util/TypeUtils
instanceKlass org/apache/tomcat/util/http/parser/MediaType
instanceKlass org/springframework/http/StreamingHttpOutputMessage
instanceKlass org/springframework/http/converter/json/MappingJacksonValue
instanceKlass org/springframework/http/server/ServletServerHttpResponse
instanceKlass org/springframework/http/server/ServerHttpAsyncRequestControl
instanceKlass org/springframework/http/server/ServletServerHttpRequest
instanceKlass org/springframework/web/servlet/mvc/method/annotation/StreamingResponseBody
instanceKlass org/springframework/web/context/request/async/WebAsyncTask
instanceKlass org/springframework/web/bind/annotation/RequestAttribute
instanceKlass org/springframework/web/bind/annotation/SessionAttribute
instanceKlass org/springframework/web/bind/annotation/CookieValue
instanceKlass org/springframework/web/bind/annotation/RequestHeader
instanceKlass org/springframework/web/bind/annotation/RequestBody
instanceKlass org/springframework/web/bind/annotation/MatrixVariable
instanceKlass org/springframework/web/bind/annotation/PathVariable
instanceKlass org/springframework/web/multipart/MultipartFile
instanceKlass org/springframework/web/multipart/support/MultipartResolutionDelegate
instanceKlass org/springframework/web/bind/annotation/RequestPart
instanceKlass org/springframework/web/bind/annotation/RequestParam
instanceKlass org/springframework/web/context/request/async/WebAsyncManager$1
instanceKlass javax/servlet/AsyncListener
instanceKlass org/springframework/web/context/request/async/WebAsyncUtils$AsyncWebRequestFactory
instanceKlass org/springframework/web/servlet/support/RequestContextUtils
instanceKlass org/springframework/web/bind/support/SimpleSessionStatus
instanceKlass org/springframework/web/bind/support/SessionStatus
instanceKlass org/springframework/web/bind/annotation/ModelAttribute
instanceKlass org/springframework/web/bind/annotation/SessionAttributes
instanceKlass org/springframework/web/bind/annotation/InitBinder
instanceKlass org/springframework/core/MethodIntrospector$2
instanceKlass org/springframework/web/servlet/mvc/method/RequestMappingInfoHandlerMapping$1
instanceKlass org/springframework/web/servlet/handler/AbstractHandlerMethodMapping$MatchComparator
instanceKlass org/springframework/web/servlet/handler/AbstractHandlerMethodMapping$Match
instanceKlass org/apache/catalina/core/ApplicationDispatcher$State
instanceKlass org/apache/catalina/core/ApplicationMapping$MappingImpl
instanceKlass org/apache/catalina/core/ApplicationMapping$1
instanceKlass org/apache/catalina/core/ApplicationContext$DispatchData
instanceKlass java/util/concurrent/atomic/AtomicLongFieldUpdater$CASUpdater$1
instanceKlass java/util/concurrent/atomic/AtomicLongFieldUpdater
instanceKlass org/springframework/web/servlet/resource/DefaultResourceResolverChain
instanceKlass org/springframework/web/servlet/mvc/LastModified
instanceKlass org/springframework/util/AntPathMatcher$AntPatternComparator$PatternInfo
instanceKlass org/springframework/web/servlet/mvc/method/RequestMappingInfoHandlerMapping$PartialMatchHelper
instanceKlass org/springframework/web/cors/CorsUtils
instanceKlass org/springframework/util/AntPathMatcher$AntPatternComparator
instanceKlass org/springframework/web/util/WebUtils
instanceKlass org/springframework/web/servlet/DispatcherServlet$1
instanceKlass org/springframework/web/servlet/LocaleContextResolver
instanceKlass org/apache/tomcat/util/http/NamesEnumerator
instanceKlass org/springframework/context/i18n/SimpleLocaleContext
instanceKlass org/springframework/context/i18n/LocaleContextHolder
instanceKlass org/apache/tomcat/util/http/parser/AcceptLanguage
instanceKlass org/springframework/web/util/UriUtils
instanceKlass org/springframework/web/context/request/async/DeferredResultProcessingInterceptorAdapter
instanceKlass org/springframework/web/context/request/async/CallableProcessingInterceptorAdapter
instanceKlass org/springframework/web/context/request/async/DeferredResult$DeferredResultHandler
instanceKlass org/springframework/web/context/request/async/WebAsyncManager
instanceKlass org/springframework/web/context/request/async/AsyncWebRequest
instanceKlass org/springframework/web/context/request/async/WebAsyncUtils
instanceKlass org/apache/catalina/connector/ResponseFacade
instanceKlass org/apache/catalina/core/ApplicationFilterFactory$1
instanceKlass org/apache/catalina/core/ApplicationDispatcher
instanceKlass org/apache/catalina/AsyncDispatcher
instanceKlass org/apache/catalina/core/ApplicationFilterChain
instanceKlass org/apache/catalina/core/ApplicationFilterFactory
instanceKlass org/springframework/web/servlet/support/AbstractFlashMapManager
instanceKlass org/springframework/web/servlet/view/DefaultRequestToViewNameTranslator
instanceKlass org/springframework/web/servlet/theme/AbstractThemeResolver
instanceKlass org/springframework/web/servlet/i18n/AcceptHeaderLocaleResolver
instanceKlass org/apache/coyote/AbstractProcessor$1
instanceKlass javax/security/auth/message/config/AuthConfigFactory$1
instanceKlass javax/security/auth/message/config/AuthConfigFactory$2
instanceKlass javax/security/auth/message/config/AuthConfigFactory
instanceKlass java/util/concurrent/locks/ReentrantReadWriteLock$Sync$HoldCounter
instanceKlass org/apache/catalina/connector/RequestFacade
instanceKlass org/apache/tomcat/util/http/parser/Cookie$1
instanceKlass org/apache/tomcat/util/http/parser/Cookie$ByteBuffer
instanceKlass org/apache/tomcat/util/http/parser/Cookie
instanceKlass org/apache/catalina/util/SessionConfig
instanceKlass org/apache/tomcat/util/buf/UEncoder
instanceKlass org/apache/tomcat/util/collections/ConcurrentCache
instanceKlass org/apache/tomcat/util/http/parser/MediaTypeCache
instanceKlass org/apache/catalina/servlet4preview/http/ServletMapping
instanceKlass org/apache/catalina/core/ApplicationMapping
instanceKlass org/apache/catalina/mapper/MappingData
instanceKlass org/apache/catalina/util/ParameterMap
instanceKlass org/apache/tomcat/util/buf/ByteChunk$ByteInputChannel
instanceKlass org/apache/catalina/connector/Request$7
instanceKlass org/apache/catalina/connector/Request$6
instanceKlass org/apache/catalina/connector/Request$5
instanceKlass org/apache/catalina/connector/Request$4
instanceKlass org/apache/catalina/connector/Request$3
instanceKlass org/apache/catalina/connector/Request$2
instanceKlass org/apache/catalina/connector/Request$1
instanceKlass org/apache/catalina/connector/Request$SpecialAttributeAdapter
instanceKlass org/apache/tomcat/util/buf/HexUtils
instanceKlass org/apache/coyote/http11/Constants
instanceKlass org/apache/tomcat/util/buf/Ascii
instanceKlass org/apache/tomcat/util/http/ValuesEnumerator
instanceKlass org/apache/tomcat/util/http/parser/HttpParser
instanceKlass org/apache/coyote/http11/filters/GzipOutputFilter
instanceKlass org/apache/coyote/http11/filters/BufferedInputFilter
instanceKlass org/apache/coyote/http11/filters/VoidOutputFilter
instanceKlass org/apache/coyote/http11/filters/VoidInputFilter
instanceKlass org/apache/coyote/http11/filters/ChunkedOutputFilter
instanceKlass org/apache/coyote/http11/filters/ChunkedInputFilter
instanceKlass org/apache/coyote/http11/filters/IdentityOutputFilter
instanceKlass org/apache/coyote/http11/filters/IdentityInputFilter
instanceKlass org/apache/coyote/http11/Http11OutputBuffer$SocketOutputBuffer
instanceKlass org/apache/coyote/http11/Http11OutputBuffer
instanceKlass org/apache/coyote/http11/Http11InputBuffer$SocketInputBuffer
instanceKlass org/apache/coyote/http11/Http11InputBuffer$HeaderParseData
instanceKlass org/apache/coyote/http11/Http11InputBuffer
instanceKlass org/apache/tomcat/util/net/ApplicationBufferHandler
instanceKlass org/apache/coyote/AsyncStateMachine
instanceKlass org/apache/coyote/Response
instanceKlass org/apache/tomcat/util/log/UserDataHelper
instanceKlass org/apache/tomcat/util/http/Parameters
instanceKlass org/apache/tomcat/util/http/ServerCookie
instanceKlass org/apache/tomcat/util/http/ServerCookies
instanceKlass org/apache/tomcat/util/http/MimeHeaderField
instanceKlass org/apache/tomcat/util/http/MimeHeaders
instanceKlass org/apache/tomcat/util/buf/MessageBytes$MessageBytesFactory
instanceKlass org/apache/tomcat/util/buf/MessageBytes
instanceKlass org/apache/coyote/http11/OutputFilter
instanceKlass org/apache/coyote/http11/InputFilter
instanceKlass org/apache/coyote/OutputBuffer
instanceKlass org/apache/coyote/InputBuffer
instanceKlass org/apache/coyote/AbstractProcessorLight
instanceKlass org/apache/coyote/ActionHook
instanceKlass org/apache/coyote/ContainerThreadMarker
instanceKlass sun/nio/ch/WindowsSelectorImpl$MapEntry
instanceKlass org/apache/tomcat/util/net/NioEndpoint$PollerEvent
instanceKlass java/util/concurrent/BlockingDeque
instanceKlass org/apache/tomcat/util/net/SocketWrapperBase$2
instanceKlass org/apache/tomcat/util/net/SocketWrapperBase$1
instanceKlass org/apache/tomcat/util/net/SendfileDataBase
instanceKlass org/apache/tomcat/util/net/SocketBufferHandler
instanceKlass org/springframework/boot/StartupInfoLogger
instanceKlass javax/servlet/SingleThreadModel
instanceKlass javax/servlet/annotation/ServletSecurity
instanceKlass javax/servlet/annotation/MultipartConfig
instanceKlass org/apache/catalina/servlets/DefaultServlet$PrecompressedResource
instanceKlass org/apache/catalina/servlets/DefaultServlet$CompressionFormat
instanceKlass org/apache/catalina/servlets/DefaultServlet$Range
instanceKlass org/apache/tomcat/util/threads/LimitLatch
instanceKlass org/apache/tomcat/util/threads/TaskThread$WrappingRunnable
instanceKlass org/apache/tomcat/util/threads/Constants
instanceKlass org/apache/tomcat/util/threads/ThreadPoolExecutor$RejectHandler
instanceKlass org/apache/tomcat/util/threads/TaskThreadFactory
instanceKlass java/nio/channels/spi/AbstractSelector$1
instanceKlass org/apache/tomcat/util/collections/SynchronizedQueue
instanceKlass org/apache/tomcat/util/net/NioBlockingSelector
instanceKlass sun/nio/ch/OptionKey
instanceKlass sun/nio/ch/SocketOptionRegistry$LazyInitialization
instanceKlass sun/nio/ch/SocketOptionRegistry$RegistryKey
instanceKlass sun/nio/ch/SocketOptionRegistry
instanceKlass jdk/net/SocketFlow
instanceKlass sun/net/ExtendedOptionsImpl$$Lambda$17
instanceKlass java/lang/invoke/LambdaForm$DMH
instanceKlass sun/net/ExtendedOptionsImpl
instanceKlass sun/nio/ch/ExtendedSocketOption$1
instanceKlass sun/nio/ch/ExtendedSocketOption
instanceKlass sun/nio/ch/SocketChannelImpl$DefaultOptionsHolder
instanceKlass java/net/StandardSocketOptions$StdSocketOption
instanceKlass java/net/SocketOption
instanceKlass java/net/StandardSocketOptions
instanceKlass sun/nio/ch/IOStatus
instanceKlass java/nio/DirectByteBuffer$Deallocator
instanceKlass sun/nio/ch/Util$BufferCache
instanceKlass sun/nio/ch/NativeThread
instanceKlass java/nio/channels/spi/AbstractInterruptibleChannel$1
instanceKlass sun/net/util/IPAddressUtil
instanceKlass sun/nio/ch/PipeImpl$Initializer$LoopbackConnector
instanceKlass sun/nio/ch/PipeImpl$Initializer
instanceKlass java/nio/channels/Pipe
instanceKlass sun/nio/ch/NativeObject
instanceKlass sun/nio/ch/PollArrayWrapper
instanceKlass sun/nio/ch/WindowsSelectorImpl$FinishLock
instanceKlass sun/nio/ch/WindowsSelectorImpl$StartLock
instanceKlass sun/nio/ch/WindowsSelectorImpl$SubSelector
instanceKlass java/nio/channels/SelectionKey
instanceKlass sun/nio/ch/Util$3
instanceKlass sun/nio/ch/Util$2
instanceKlass sun/nio/ch/Util
instanceKlass java/nio/channels/Selector
instanceKlass java/util/concurrent/CountDownLatch
instanceKlass java/net/ServerSocket
instanceKlass sun/nio/ch/Net$3
instanceKlass sun/nio/ch/Net$4
instanceKlass sun/nio/ch/Net$1
instanceKlass java/net/ProtocolFamily
instanceKlass sun/nio/ch/Net
instanceKlass sun/nio/ch/NativeDispatcher
instanceKlass sun/nio/ch/SelChImpl
instanceKlass sun/nio/ch/DefaultSelectorProvider
instanceKlass java/nio/channels/spi/SelectorProvider$1
instanceKlass java/nio/channels/spi/SelectorProvider
instanceKlass org/apache/tomcat/util/compat/JreCompat
instanceKlass org/apache/coyote/Request
instanceKlass org/apache/coyote/RequestInfo
instanceKlass org/apache/tomcat/util/net/SocketWrapperBase$CompletionCheck
instanceKlass com/netflix/hystrix/HystrixCollapserMetrics$2
instanceKlass com/netflix/hystrix/HystrixCollapserMetrics$1
instanceKlass com/netflix/hystrix/HystrixThreadPoolMetrics$2
instanceKlass com/netflix/hystrix/HystrixThreadPoolMetrics$1
instanceKlass com/netflix/hystrix/HystrixCommandMetrics$2
instanceKlass com/netflix/hystrix/HystrixCommandMetrics$1
instanceKlass org/apache/catalina/connector/CoyoteAdapter
instanceKlass com/netflix/hystrix/HystrixMetrics
instanceKlass org/springframework/core/task/support/TaskExecutorAdapter
instanceKlass org/springframework/scheduling/concurrent/ConcurrentTaskExecutor
instanceKlass org/springframework/scheduling/SchedulingTaskExecutor
instanceKlass org/springframework/boot/builder/ParentContextCloserApplicationListener$ContextCloserListener
instanceKlass rx/functions/Func0
instanceKlass com/netflix/hystrix/contrib/metrics/eventstream/HystrixMetricsPoller$MetricsPoller
instanceKlass com/netflix/hystrix/contrib/metrics/eventstream/HystrixMetricsPoller$MetricsPollerThreadFactory
instanceKlass com/netflix/hystrix/util/PlatformSpecific
instanceKlass com/netflix/hystrix/contrib/metrics/eventstream/HystrixMetricsPoller$1
instanceKlass org/springframework/cloud/netflix/hystrix/HystrixCircuitBreakerConfiguration$HystrixMetricsPollerConfiguration$1
instanceKlass com/fasterxml/jackson/databind/ser/impl/PropertySerializerMap$SerializerAndMapResult
instanceKlass com/fasterxml/jackson/databind/ser/std/StdKeySerializers
instanceKlass com/fasterxml/jackson/databind/ser/BasicSerializerFactory$1
instanceKlass com/fasterxml/jackson/core/io/JsonStringEncoder
instanceKlass com/fasterxml/jackson/databind/ser/std/NumberSerializers$1
instanceKlass com/fasterxml/jackson/annotation/JsonFilter
instanceKlass com/fasterxml/jackson/databind/annotation/JsonAppend
instanceKlass com/fasterxml/jackson/databind/ser/impl/PropertySerializerMap
instanceKlass com/fasterxml/jackson/databind/ser/PropertyBuilder$1
instanceKlass com/fasterxml/jackson/annotation/JsonTypeId
instanceKlass com/fasterxml/jackson/databind/introspect/POJOPropertyBuilder$3
instanceKlass com/fasterxml/jackson/annotation/JsonInclude
instanceKlass com/fasterxml/jackson/databind/ser/PropertyBuilder
instanceKlass com/fasterxml/jackson/databind/ser/BeanSerializerBuilder
instanceKlass com/netflix/appinfo/LeaseInfo$1
instanceKlass javax/ws/rs/core/GenericEntity
instanceKlass com/sun/jersey/api/client/RequestWriter$RequestEntityWriterImpl
instanceKlass com/netflix/discovery/shared/transport/decorator/EurekaHttpClientDecorator$1
instanceKlass com/netflix/appinfo/HealthCheckCallbackToHandlerBridge
instanceKlass org/springframework/util/PatternMatchUtils
instanceKlass com/netflix/discovery/InstanceInfoReplicator$1
instanceKlass com/netflix/discovery/DiscoveryEvent
instanceKlass org/springframework/cglib/reflect/FastClassEmitter$2
instanceKlass org/springframework/aop/support/MethodMatchers
instanceKlass org/springframework/aop/TrueClassFilter
instanceKlass org/springframework/aop/framework/CglibAopProxy$StaticDispatcher
instanceKlass org/springframework/aop/framework/CglibAopProxy$StaticUnadvisedInterceptor
instanceKlass org/springframework/cloud/context/config/StandardBeanLifecycleDecorator$2
instanceKlass org/springframework/aop/target/SingletonTargetSource
instanceKlass org/springframework/cloud/context/config/StandardBeanLifecycleDecorator$1
instanceKlass org/springframework/cloud/context/config/BeanLifecycleDecorator$Context
instanceKlass com/google/common/annotations/VisibleForTesting
instanceKlass java/util/concurrent/ConcurrentLinkedQueue$Itr
instanceKlass com/netflix/discovery/DiscoveryClient$3
instanceKlass com/netflix/discovery/util/RateLimiter$1
instanceKlass com/netflix/discovery/util/RateLimiter
instanceKlass com/netflix/discovery/InstanceInfoReplicator
instanceKlass com/netflix/discovery/DiscoveryClient$HeartbeatThread
instanceKlass com/netflix/discovery/DiscoveryClient$CacheRefreshThread
instanceKlass java/util/concurrent/ConcurrentHashMap$MapEntry
instanceKlass com/netflix/discovery/shared/transport/EurekaHttpResponse$EurekaHttpResponseBuilder
instanceKlass com/sun/jersey/core/provider/CompletableReader
instanceKlass com/fasterxml/jackson/databind/deser/BeanDeserializer$1
instanceKlass com/fasterxml/jackson/databind/util/CompactStringObjectMap
instanceKlass com/fasterxml/jackson/annotation/JsonEnumDefaultValue
instanceKlass com/fasterxml/jackson/databind/util/EnumResolver
instanceKlass com/fasterxml/jackson/databind/jsontype/impl/StdTypeResolverBuilder$1
instanceKlass com/fasterxml/jackson/annotation/JsonSubTypes
instanceKlass com/fasterxml/jackson/annotation/JsonTypeName
instanceKlass com/fasterxml/jackson/annotation/JsonTypeInfo$None
instanceKlass com/fasterxml/jackson/databind/jsontype/TypeSerializer
instanceKlass com/fasterxml/jackson/databind/jsontype/TypeDeserializer
instanceKlass com/fasterxml/jackson/core/io/NumberOutput
instanceKlass com/fasterxml/jackson/databind/node/TreeTraversingParser$1
instanceKlass com/fasterxml/jackson/core/io/NumberInput
instanceKlass com/fasterxml/jackson/core/util/TextBuffer
instanceKlass com/fasterxml/jackson/core/io/CharTypes
instanceKlass com/fasterxml/jackson/core/json/ByteSourceJsonBootstrapper
instanceKlass javax/ws/rs/core/Response$StatusType
instanceKlass com/sun/jersey/api/client/Statuses
instanceKlass org/apache/http/impl/client/CloseableHttpResponseProxy
instanceKlass org/apache/http/entity/HttpEntityWrapper
instanceKlass org/apache/http/conn/EofSensorWatcher
instanceKlass org/apache/http/impl/auth/HttpAuthenticator$1
instanceKlass org/apache/http/message/TokenParser
instanceKlass org/apache/http/NameValuePair
instanceKlass org/apache/http/message/BasicHeaderValueParser
instanceKlass org/apache/http/message/HeaderValueParser
instanceKlass org/apache/http/message/BasicHeaderElementIterator
instanceKlass org/apache/http/message/BasicTokenIterator
instanceKlass org/apache/http/message/BufferedHeader
instanceKlass org/apache/http/message/BasicStatusLine
instanceKlass org/apache/http/message/ParserCursor
instanceKlass org/apache/http/FormattedHeader
instanceKlass org/apache/http/message/BasicListHeaderIterator
instanceKlass org/apache/http/client/protocol/RequestAuthenticationBase$1
instanceKlass org/apache/http/cookie/CookieSpecRegistry$1
instanceKlass org/apache/http/cookie/CookieOrigin
instanceKlass org/apache/http/protocol/HttpCoreContext
instanceKlass org/apache/http/message/BasicRequestLine
instanceKlass org/apache/http/client/utils/URIBuilder
instanceKlass org/apache/http/client/utils/URIUtils
instanceKlass org/apache/http/impl/HttpConnectionMetricsImpl
instanceKlass org/apache/http/impl/io/AbstractMessageWriter
instanceKlass org/apache/http/util/CharArrayBuffer
instanceKlass org/apache/http/config/MessageConstraints$Builder
instanceKlass org/apache/http/config/MessageConstraints
instanceKlass org/apache/http/params/HttpParamConfig
instanceKlass org/apache/http/impl/io/AbstractMessageParser
instanceKlass org/apache/http/impl/io/AbstractSessionOutputBuffer
instanceKlass org/apache/http/impl/io/HttpTransportMetricsImpl
instanceKlass org/apache/http/util/ByteArrayBuffer
instanceKlass org/apache/http/io/HttpTransportMetrics
instanceKlass org/apache/http/impl/io/AbstractSessionInputBuffer
instanceKlass org/apache/http/io/BufferInfo
instanceKlass org/apache/http/io/EofSensor
instanceKlass org/apache/http/conn/routing/RouteTracker
instanceKlass org/apache/http/client/methods/AbstractExecutionAwareRequest$2
instanceKlass org/apache/http/impl/conn/AbstractClientConnAdapter
instanceKlass org/apache/http/impl/entity/EntityDeserializer
instanceKlass org/apache/http/impl/entity/EntitySerializer
instanceKlass org/apache/http/io/SessionOutputBuffer
instanceKlass org/apache/http/io/SessionInputBuffer
instanceKlass org/apache/http/HttpConnectionMetrics
instanceKlass org/apache/http/impl/AbstractHttpClientConnection
instanceKlass org/apache/http/util/LangUtils
instanceKlass org/apache/http/client/params/HttpClientParams
instanceKlass org/apache/http/client/methods/AbstractExecutionAwareRequest$1
instanceKlass org/apache/http/conn/ManagedClientConnection
instanceKlass org/apache/http/conn/HttpRoutedConnection
instanceKlass org/apache/http/impl/conn/tsccm/ThreadSafeClientConnManager$1
instanceKlass org/apache/http/impl/conn/tsccm/ConnPoolByRoute$1
instanceKlass org/apache/http/impl/client/RoutedRequest
instanceKlass org/apache/http/util/Asserts
instanceKlass org/apache/http/conn/params/ConnRouteParams
instanceKlass org/apache/http/conn/params/ConnRoutePNames
instanceKlass org/apache/http/auth/AuthState
instanceKlass org/apache/http/impl/client/AuthenticationStrategyAdaptor
instanceKlass org/apache/http/impl/client/DefaultRedirectStrategyAdaptor
instanceKlass org/apache/http/HttpEntityEnclosingRequest
instanceKlass org/apache/http/conn/ConnectionReleaseTrigger
instanceKlass org/apache/http/impl/client/DefaultRequestDirector
instanceKlass org/apache/http/impl/client/DefaultRedirectStrategy
instanceKlass org/apache/http/client/protocol/RequestAuthenticationBase
instanceKlass org/apache/http/protocol/RequestExpectContinue
instanceKlass org/apache/http/protocol/BasicHttpProcessor
instanceKlass org/apache/http/protocol/HttpResponseInterceptorList
instanceKlass org/apache/http/protocol/HttpRequestInterceptorList
instanceKlass org/apache/http/impl/conn/DefaultHttpRoutePlanner
instanceKlass org/apache/http/client/params/HttpClientParamConfig
instanceKlass org/apache/http/impl/cookie/IgnoreSpecFactory
instanceKlass org/apache/http/impl/cookie/RFC2965SpecFactory
instanceKlass org/apache/http/impl/cookie/RFC2109SpecFactory
instanceKlass org/apache/http/impl/cookie/NetscapeDraftSpecFactory
instanceKlass org/apache/http/HeaderElement
instanceKlass org/apache/http/impl/cookie/BrowserCompatSpecFactory
instanceKlass org/apache/http/impl/cookie/BasicDomainHandler
instanceKlass org/apache/http/impl/cookie/RFC2109DomainHandler
instanceKlass org/apache/http/impl/cookie/RFC2965DiscardAttributeHandler
instanceKlass org/apache/http/impl/cookie/RFC2965CommentUrlAttributeHandler
instanceKlass org/apache/http/impl/cookie/AbstractCookieAttributeHandler
instanceKlass org/apache/http/impl/cookie/RFC2965PortAttributeHandler
instanceKlass org/apache/http/impl/cookie/RFC2965DomainAttributeHandler
instanceKlass org/apache/http/impl/cookie/RFC2965VersionAttributeHandler
instanceKlass org/apache/http/cookie/SetCookie
instanceKlass org/apache/http/cookie/Cookie
instanceKlass org/apache/http/impl/cookie/AbstractCookieSpec
instanceKlass org/apache/http/impl/cookie/DefaultCookieSpec
instanceKlass org/apache/http/impl/cookie/BestMatchSpecFactory
instanceKlass org/apache/http/cookie/CookieSpecRegistry
instanceKlass org/apache/http/auth/AuthSchemeRegistry
instanceKlass org/apache/http/protocol/BasicHttpContext
instanceKlass org/apache/http/message/BasicHeader
instanceKlass com/sun/jersey/core/util/KeyComparatorLinkedHashMap$LinkedHashIterator
instanceKlass org/apache/http/message/HeaderGroup
instanceKlass org/apache/http/message/AbstractHttpMessage
instanceKlass org/apache/http/client/methods/AbortableHttpRequest
instanceKlass org/apache/http/client/methods/HttpExecutionAware
instanceKlass com/sun/jersey/core/util/StringIgnoreCaseKeyComparator
instanceKlass com/sun/jersey/api/client/PartialRequestBuilder
instanceKlass com/sun/jersey/api/uri/UriComponent
instanceKlass com/sun/jersey/api/client/UniformInterface
instanceKlass com/sun/jersey/api/client/RequestBuilder
instanceKlass com/netflix/discovery/shared/transport/jersey/AbstractJerseyEurekaHttpClient
instanceKlass java/util/concurrent/ConcurrentSkipListMap$Iter
instanceKlass com/netflix/discovery/shared/transport/TransportUtils
instanceKlass com/netflix/discovery/shared/transport/decorator/EurekaHttpClientDecorator$6
instanceKlass com/google/common/base/CommonPattern
instanceKlass com/google/common/base/Platform$JdkPatternCompiler
instanceKlass com/google/common/base/PatternCompiler
instanceKlass com/google/common/base/Platform
instanceKlass com/google/common/base/Strings
instanceKlass com/netflix/servo/monitor/BasicStopwatch
instanceKlass com/google/common/collect/Multiset
instanceKlass com/google/common/collect/AbstractMultimap
instanceKlass com/google/common/collect/SortedSetMultimap
instanceKlass com/google/common/collect/SetMultimap
instanceKlass com/google/common/collect/ListMultimap
instanceKlass com/google/common/collect/Multimaps
instanceKlass com/netflix/discovery/AbstractAzToRegionMapper$1
instanceKlass com/netflix/discovery/InstanceRegionChecker
instanceKlass com/google/common/collect/Multimap
instanceKlass com/google/common/base/Supplier
instanceKlass com/netflix/discovery/AbstractAzToRegionMapper
instanceKlass com/netflix/discovery/shared/transport/EurekaHttpResponse
instanceKlass com/netflix/discovery/shared/transport/decorator/RetryableEurekaHttpClient$1
instanceKlass com/netflix/discovery/shared/transport/decorator/ServerStatusEvaluators$2
instanceKlass com/netflix/discovery/shared/transport/decorator/ServerStatusEvaluators$1
instanceKlass com/netflix/discovery/shared/transport/decorator/ServerStatusEvaluator
instanceKlass com/netflix/discovery/shared/transport/decorator/ServerStatusEvaluators
instanceKlass com/netflix/discovery/shared/transport/decorator/RedirectingEurekaHttpClient$1
instanceKlass com/netflix/discovery/shared/dns/DnsServiceImpl
instanceKlass com/netflix/discovery/shared/dns/DnsService
instanceKlass com/netflix/discovery/shared/transport/EurekaHttpClients$1
instanceKlass com/netflix/discovery/shared/resolver/AsyncResolver$1
instanceKlass com/netflix/discovery/shared/resolver/AsyncResolver
instanceKlass com/netflix/discovery/util/SystemUtil
instanceKlass com/netflix/discovery/shared/resolver/ResolverUtils
instanceKlass com/netflix/discovery/shared/resolver/DefaultEndpoint
instanceKlass com/netflix/discovery/shared/resolver/EurekaEndpoint
instanceKlass com/netflix/discovery/endpoint/EndpointUtils
instanceKlass com/netflix/discovery/shared/resolver/aws/ConfigClusterResolver
instanceKlass com/netflix/discovery/shared/resolver/aws/ZoneAffinityClusterResolver
instanceKlass com/netflix/discovery/shared/resolver/ClosableResolver
instanceKlass com/netflix/discovery/shared/transport/EurekaHttpClients
instanceKlass com/netflix/discovery/DiscoveryClient$2
instanceKlass com/netflix/discovery/shared/transport/jersey/Jersey1TransportClientFactories$2
instanceKlass com/netflix/discovery/shared/transport/decorator/MetricsCollectingEurekaHttpClient$2
instanceKlass com/netflix/discovery/util/ExceptionsMetric
instanceKlass com/netflix/discovery/util/ServoUtil
instanceKlass com/netflix/discovery/shared/transport/decorator/MetricsCollectingEurekaHttpClient$EurekaHttpClientRequestMetrics
instanceKlass com/netflix/discovery/shared/transport/EurekaHttpClientFactory
instanceKlass com/netflix/discovery/shared/transport/decorator/EurekaHttpClientDecorator$RequestExecutor
instanceKlass com/netflix/discovery/shared/transport/decorator/EurekaHttpClientDecorator
instanceKlass java/util/Collections$UnmodifiableList$1
instanceKlass com/sun/jersey/api/client/ClientRequestAdapter
instanceKlass com/netflix/discovery/shared/transport/jersey/ApacheHttpClientConnectionCleaner$2
instanceKlass com/netflix/discovery/shared/transport/jersey/ApacheHttpClientConnectionCleaner$1
instanceKlass com/netflix/discovery/shared/transport/jersey/ApacheHttpClientConnectionCleaner
instanceKlass com/sun/jersey/api/client/ClientResponse
instanceKlass com/sun/jersey/api/client/ClientRequest
instanceKlass javax/ws/rs/core/StreamingOutput
instanceKlass com/sun/jersey/server/impl/template/ViewableMessageBodyWriter
instanceKlass com/sun/jersey/core/impl/provider/entity/StreamingOutputProvider
instanceKlass com/sun/jersey/core/spi/factory/MessageBodyFactory$2
instanceKlass com/sun/jersey/core/spi/factory/MessageBodyFactory$MessageBodyWriterPair
instanceKlass com/sun/jersey/core/reflection/ReflectionHelper$DeclaringClassInterfacePair
instanceKlass com/sun/jersey/core/impl/provider/entity/SourceProvider$SourceWriter
instanceKlass com/sun/jersey/core/impl/provider/entity/SourceProvider
instanceKlass com/sun/jersey/core/impl/provider/entity/Inflector$Replacer
instanceKlass com/sun/jersey/core/impl/provider/entity/Inflector
instanceKlass com/sun/jersey/core/provider/jaxb/AbstractListElementProvider$1
instanceKlass com/sun/jersey/core/provider/jaxb/AbstractListElementProvider$JaxbTypeChecker
instanceKlass javax/xml/bind/JAXBElement
instanceKlass com/sun/jersey/api/client/Client$4$1
instanceKlass com/sun/jersey/core/impl/provider/xml/ThreadLocalSingletonContextProvider$2
instanceKlass javax/xml/bind/JAXBContext
instanceKlass javax/xml/bind/Marshaller
instanceKlass javax/xml/bind/Unmarshaller
instanceKlass javax/mail/Multipart
instanceKlass java/awt/image/RenderedImage
instanceKlass javax/activation/DataSource
instanceKlass com/sun/jersey/core/util/ReaderWriter
instanceKlass com/alibaba/fastjson/parser/deserializer/JSONPDeserializer
instanceKlass com/alibaba/fastjson/JSONPObject
instanceKlass com/alibaba/fastjson/serializer/JSONSerializable
instanceKlass com/alibaba/fastjson/parser/deserializer/StackTraceElementDeserializer
instanceKlass com/alibaba/fastjson/serializer/CharArrayCodec
instanceKlass com/alibaba/fastjson/parser/deserializer/NumberDeserializer
instanceKlass com/alibaba/fastjson/parser/deserializer/JavaObjectDeserializer
instanceKlass com/alibaba/fastjson/serializer/CollectionCodec
instanceKlass com/alibaba/fastjson/parser/deserializer/MapDeserializer
instanceKlass javax/xml/datatype/XMLGregorianCalendar
instanceKlass com/alibaba/fastjson/serializer/CalendarCodec
instanceKlass com/alibaba/fastjson/parser/deserializer/TimeDeserializer
instanceKlass com/alibaba/fastjson/parser/deserializer/ContextObjectDeserializer
instanceKlass com/alibaba/fastjson/parser/deserializer/ASMDeserializerFactory
instanceKlass com/alibaba/fastjson/parser/deserializer/EnumDeserializer
instanceKlass com/alibaba/fastjson/serializer/ReferenceCodec
instanceKlass com/alibaba/fastjson/serializer/AtomicCodec
instanceKlass com/alibaba/fastjson/serializer/ToStringSerializer
instanceKlass com/alibaba/fastjson/serializer/AppendableSerializer
instanceKlass com/alibaba/fastjson/serializer/MiscCodec
instanceKlass com/alibaba/fastjson/serializer/ObjectArrayCodec
instanceKlass com/alibaba/fastjson/serializer/PrimitiveArraySerializer
instanceKlass com/alibaba/fastjson/serializer/StringCodec
instanceKlass com/alibaba/fastjson/serializer/BigIntegerCodec
instanceKlass com/alibaba/fastjson/serializer/BigDecimalCodec
instanceKlass com/alibaba/fastjson/serializer/DoubleSerializer
instanceKlass com/alibaba/fastjson/serializer/FloatCodec
instanceKlass com/alibaba/fastjson/serializer/LongCodec
instanceKlass com/alibaba/fastjson/serializer/IntegerCodec
instanceKlass com/alibaba/fastjson/serializer/CharacterCodec
instanceKlass com/alibaba/fastjson/serializer/BooleanCodec
instanceKlass com/alibaba/fastjson/parser/deserializer/FieldDeserializer
instanceKlass com/alibaba/fastjson/serializer/BeanContext
instanceKlass com/alibaba/fastjson/parser/deserializer/ExtraTypeProvider
instanceKlass com/alibaba/fastjson/parser/deserializer/ExtraProcessable
instanceKlass com/alibaba/fastjson/parser/deserializer/ExtraProcessor
instanceKlass com/alibaba/fastjson/parser/deserializer/ParseProcess
instanceKlass com/alibaba/fastjson/parser/deserializer/AutowiredObjectDeserializer
instanceKlass com/alibaba/fastjson/parser/SymbolTable
instanceKlass com/alibaba/fastjson/parser/JSONToken
instanceKlass com/alibaba/fastjson/parser/ParseContext
instanceKlass com/alibaba/fastjson/parser/JSONLexerBase
instanceKlass com/alibaba/fastjson/parser/JSONLexer
instanceKlass com/alibaba/fastjson/parser/DefaultJSONParser
instanceKlass com/alibaba/fastjson/parser/ParserConfig
instanceKlass com/alibaba/fastjson/parser/deserializer/JavaBeanDeserializer
instanceKlass com/alibaba/fastjson/parser/deserializer/ObjectDeserializer
instanceKlass com/alibaba/fastjson/serializer/ContextObjectSerializer
instanceKlass com/alibaba/fastjson/serializer/ValueFilter
instanceKlass com/alibaba/fastjson/serializer/PropertyPreFilter
instanceKlass com/alibaba/fastjson/serializer/PropertyFilter
instanceKlass com/alibaba/fastjson/serializer/NameFilter
instanceKlass com/alibaba/fastjson/serializer/BeforeFilter
instanceKlass com/alibaba/fastjson/serializer/AfterFilter
instanceKlass com/alibaba/fastjson/serializer/ContextValueFilter
instanceKlass com/alibaba/fastjson/serializer/LabelFilter
instanceKlass com/alibaba/fastjson/serializer/Labels
instanceKlass com/alibaba/fastjson/serializer/SerializeBeanInfo
instanceKlass com/alibaba/fastjson/util/JavaBeanInfo
instanceKlass com/alibaba/fastjson/util/ParameterizedTypeImpl
instanceKlass com/alibaba/fastjson/util/FieldInfo
instanceKlass com/alibaba/fastjson/TypeReference
instanceKlass com/alibaba/fastjson/JSONWriter
instanceKlass com/alibaba/fastjson/JSONReader
instanceKlass com/alibaba/fastjson/JSONPath
instanceKlass com/alibaba/fastjson/util/ASMClassLoader$1
instanceKlass com/alibaba/fastjson/serializer/SerialContext
instanceKlass com/alibaba/fastjson/serializer/SerializeFilterable
instanceKlass com/alibaba/fastjson/asm/MethodVisitor
instanceKlass com/alibaba/fastjson/serializer/ASMSerializerFactory
instanceKlass com/alibaba/fastjson/asm/Opcodes
instanceKlass com/alibaba/fastjson/util/IdentityHashMap$Entry
instanceKlass com/alibaba/fastjson/util/IdentityHashMap
instanceKlass org/springframework/remoting/support/RemoteInvocationResult
instanceKlass org/springframework/remoting/support/RemoteInvocation
instanceKlass java/awt/geom/Point2D
instanceKlass java/awt/geom/RectangularShape
instanceKlass java/awt/Shape
instanceKlass com/alibaba/fastjson/util/TypeUtils
instanceKlass com/alibaba/fastjson/util/IOUtils$1
instanceKlass com/alibaba/fastjson/util/IOUtils$PropertiesInitializer
instanceKlass com/alibaba/fastjson/util/IOUtils
instanceKlass com/alibaba/fastjson/JSON
instanceKlass com/alibaba/fastjson/JSONAware
instanceKlass com/alibaba/fastjson/JSONStreamAware
instanceKlass com/alibaba/fastjson/util/ASMUtils
instanceKlass com/alibaba/fastjson/serializer/ObjectSerializer
instanceKlass com/alibaba/fastjson/serializer/SerializeConfig
instanceKlass com/alibaba/fastjson/support/config/FastJsonConfig
instanceKlass com/alibaba/fastjson/serializer/SerializeFilter
instanceKlass javax/ws/rs/core/MultivaluedMap
instanceKlass com/sun/jersey/core/impl/provider/entity/EntityHolderReader
instanceKlass com/sun/jersey/core/impl/provider/entity/SourceProvider$DOMSourceReader
instanceKlass com/sun/jersey/core/impl/provider/entity/SourceProvider$SAXSourceReader
instanceKlass com/sun/jersey/core/impl/provider/entity/SourceProvider$StreamSourceReader
instanceKlass com/sun/jersey/core/provider/AbstractMessageReaderWriterProvider
instanceKlass com/alibaba/fastjson/support/jaxrs/FastJsonProvider
instanceKlass com/sun/jersey/core/util/KeyComparatorHashMap$HashIterator
instanceKlass com/sun/jersey/core/spi/factory/MessageBodyFactory$DistanceComparator
instanceKlass com/sun/jersey/core/header/MediaTypes$3
instanceKlass com/sun/jersey/core/header/QualityFactor
instanceKlass com/sun/jersey/core/header/MediaTypes$2
instanceKlass com/sun/jersey/core/header/MediaTypes$1
instanceKlass com/sun/jersey/core/header/GrammarUtil
instanceKlass com/sun/jersey/core/header/reader/HttpHeaderReader$9
instanceKlass com/sun/jersey/core/header/reader/HttpHeaderReader$8
instanceKlass com/sun/jersey/core/header/reader/HttpHeaderReader$7
instanceKlass com/sun/jersey/core/header/reader/HttpHeaderReader$5
instanceKlass com/sun/jersey/core/header/reader/HttpHeaderReader$4
instanceKlass com/sun/jersey/core/header/reader/HttpHeaderReader$3
instanceKlass com/sun/jersey/core/header/reader/HttpHeaderReader$2
instanceKlass com/sun/jersey/core/header/reader/HttpHeaderReader$1
instanceKlass com/sun/jersey/core/header/reader/HttpHeaderReader$ListElementCreator
instanceKlass com/sun/jersey/core/header/reader/HttpHeaderReader
instanceKlass javax/ws/rs/core/MediaType$1
instanceKlass javax/ws/rs/core/CacheControl
instanceKlass javax/ws/rs/core/Cookie
instanceKlass javax/ws/rs/core/EntityTag
instanceKlass com/sun/jersey/core/impl/provider/header/StringProvider
